2024-11-02 20:55:21.185  INFO 9528 --- [kground-preinit] org.hibernate.validator.internal.util.Version : HV000001: Hibernate Validator 8.0.1.Final
2024-11-02 20:55:21.320  INFO 9528 --- [  restartedMain] org.springframework.boot.devtools.env.DevToolsPropertyDefaultsPostProcessor : Devtools property defaults active! Set 'spring.devtools.add-properties' to 'false' to disable
2024-11-02 20:55:21.321  INFO 9528 --- [  restartedMain] org.springframework.boot.devtools.env.DevToolsPropertyDefaultsPostProcessor : For additional web related logging consider setting the 'logging.level.web' property to 'DEBUG'
2024-11-02 20:55:22.286  INFO 9528 --- [  restartedMain] org.springframework.data.repository.config.RepositoryConfigurationDelegate : Bootstrapping Spring Data JPA repositories in DEFAULT mode.
2024-11-02 20:55:22.356  INFO 9528 --- [  restartedMain] org.springframework.data.repository.config.RepositoryConfigurationDelegate : Finished Spring Data repository scanning in 59 ms. Found 4 JPA repository interfaces.
2024-11-02 20:55:23.030  INFO 9528 --- [  restartedMain] org.springframework.boot.web.embedded.tomcat.TomcatWebServer : Tomcat initialized with port 8082 (http)
2024-11-02 20:55:23.047  INFO 9528 --- [  restartedMain] org.apache.catalina.core.StandardService : Starting service [Tomcat]
2024-11-02 20:55:23.048  INFO 9528 --- [  restartedMain] org.apache.catalina.core.StandardEngine : Starting Servlet engine: [Apache Tomcat/10.1.30]
2024-11-02 20:55:23.102  INFO 9528 --- [  restartedMain] org.apache.catalina.core.ContainerBase.[Tomcat].[localhost].[/] : Initializing Spring embedded WebApplicationContext
2024-11-02 20:55:23.103  INFO 9528 --- [  restartedMain] org.springframework.boot.web.servlet.context.ServletWebServerApplicationContext : Root WebApplicationContext: initialization completed in 1780 ms
2024-11-02 20:55:23.298  INFO 9528 --- [  restartedMain] org.hibernate.jpa.internal.util.LogHelper : HHH000204: Processing PersistenceUnitInfo [name: default]
2024-11-02 20:55:23.384  INFO 9528 --- [  restartedMain] org.hibernate.Version : HHH000412: Hibernate ORM core version 6.5.3.Final
2024-11-02 20:55:23.433  INFO 9528 --- [  restartedMain] org.hibernate.cache.internal.RegionFactoryInitiator : HHH000026: Second-level cache disabled
2024-11-02 20:55:23.801  INFO 9528 --- [  restartedMain] org.springframework.orm.jpa.persistenceunit.SpringPersistenceUnitInfo : No LoadTimeWeaver setup: ignoring JPA class transformer
2024-11-02 20:55:23.837  INFO 9528 --- [  restartedMain] com.zaxxer.hikari.HikariDataSource : HikariPool-1 - Starting...
2024-11-02 20:55:24.303  INFO 9528 --- [  restartedMain] com.zaxxer.hikari.pool.HikariPool : HikariPool-1 - Added connection com.mysql.cj.jdbc.ConnectionImpl@3a8ed2bf
2024-11-02 20:55:24.304  INFO 9528 --- [  restartedMain] com.zaxxer.hikari.HikariDataSource : HikariPool-1 - Start completed.
2024-11-02 20:55:25.516  INFO 9528 --- [  restartedMain] org.hibernate.engine.transaction.jta.platform.internal.JtaPlatformInitiator : HHH000489: No JTA platform available (set 'hibernate.transaction.jta.platform' to enable JTA platform integration)
2024-11-02 20:55:25.611  INFO 9528 --- [  restartedMain] org.springframework.orm.jpa.LocalContainerEntityManagerFactoryBean : Initialized JPA EntityManagerFactory for persistence unit 'default'
2024-11-02 20:55:26.167  WARN 9528 --- [  restartedMain] org.springframework.boot.autoconfigure.orm.jpa.JpaBaseConfiguration$JpaWebConfiguration : spring.jpa.open-in-view is enabled by default. Therefore, database queries may be performed during view rendering. Explicitly configure spring.jpa.open-in-view to disable this warning
2024-11-02 20:55:26.578  INFO 9528 --- [  restartedMain] org.springframework.boot.devtools.autoconfigure.OptionalLiveReloadServer : LiveReload server is running on port 35729
2024-11-02 20:55:26.609  INFO 9528 --- [  restartedMain] org.springframework.boot.web.embedded.tomcat.TomcatWebServer : Tomcat started on port 8082 (http) with context path '/'
2024-11-02 20:57:20.636  INFO 9528 --- [nio-8082-exec-2] org.apache.catalina.core.ContainerBase.[Tomcat].[localhost].[/] : Initializing Spring DispatcherServlet 'dispatcherServlet'
2024-11-02 20:57:20.636  INFO 9528 --- [nio-8082-exec-2] org.springframework.web.servlet.DispatcherServlet : Initializing Servlet 'dispatcherServlet'
2024-11-02 20:57:20.637  INFO 9528 --- [nio-8082-exec-2] org.springframework.web.servlet.DispatcherServlet : Completed initialization in 1 ms
2024-11-02 20:57:20.655  WARN 9528 --- [nio-8082-exec-2] org.springframework.web.servlet.mvc.support.DefaultHandlerExceptionResolver : Resolved [org.springframework.web.HttpRequestMethodNotSupportedException: Request method 'GET' is not supported]
2024-11-02 22:14:34.741  INFO 9528 --- [ionShutdownHook] org.springframework.orm.jpa.LocalContainerEntityManagerFactoryBean : Closing JPA EntityManagerFactory for persistence unit 'default'
2024-11-02 22:14:34.744  INFO 9528 --- [ionShutdownHook] com.zaxxer.hikari.HikariDataSource : HikariPool-1 - Shutdown initiated...
2024-11-02 22:14:34.756  INFO 9528 --- [ionShutdownHook] com.zaxxer.hikari.HikariDataSource : HikariPool-1 - Shutdown completed.
