2024-11-06 11:32:51.724  INFO 10724 --- [kground-preinit] org.hibernate.validator.internal.util.Version : HV000001: Hibernate Validator 8.0.1.Final
2024-11-06 11:32:51.895  INFO 10724 --- [  restartedMain] org.springframework.boot.devtools.env.DevToolsPropertyDefaultsPostProcessor : Devtools property defaults active! Set 'spring.devtools.add-properties' to 'false' to disable
2024-11-06 11:32:51.897  INFO 10724 --- [  restartedMain] org.springframework.boot.devtools.env.DevToolsPropertyDefaultsPostProcessor : For additional web related logging consider setting the 'logging.level.web' property to 'DEBUG'
2024-11-06 11:32:54.012  INFO 10724 --- [  restartedMain] org.springframework.data.repository.config.RepositoryConfigurationDelegate : Bootstrapping Spring Data JPA repositories in DEFAULT mode.
2024-11-06 11:32:54.127  INFO 10724 --- [  restartedMain] org.springframework.data.repository.config.RepositoryConfigurationDelegate : Finished Spring Data repository scanning in 97 ms. Found 4 JPA repository interfaces.
2024-11-06 11:32:55.645  INFO 10724 --- [  restartedMain] org.springframework.boot.web.embedded.tomcat.TomcatWebServer : Tomcat initialized with port 8082 (http)
2024-11-06 11:32:55.672  INFO 10724 --- [  restartedMain] org.apache.catalina.core.StandardService : Starting service [Tomcat]
2024-11-06 11:32:55.673  INFO 10724 --- [  restartedMain] org.apache.catalina.core.StandardEngine : Starting Servlet engine: [Apache Tomcat/10.1.30]
2024-11-06 11:32:55.779  INFO 10724 --- [  restartedMain] org.apache.catalina.core.ContainerBase.[Tomcat].[localhost].[/] : Initializing Spring embedded WebApplicationContext
2024-11-06 11:32:55.782  INFO 10724 --- [  restartedMain] org.springframework.boot.web.servlet.context.ServletWebServerApplicationContext : Root WebApplicationContext: initialization completed in 3880 ms
2024-11-06 11:32:56.403  INFO 10724 --- [  restartedMain] org.hibernate.jpa.internal.util.LogHelper : HHH000204: Processing PersistenceUnitInfo [name: default]
2024-11-06 11:32:56.557  INFO 10724 --- [  restartedMain] org.hibernate.Version : HHH000412: Hibernate ORM core version 6.5.3.Final
2024-11-06 11:32:56.645  INFO 10724 --- [  restartedMain] org.hibernate.cache.internal.RegionFactoryInitiator : HHH000026: Second-level cache disabled
2024-11-06 11:32:57.225  INFO 10724 --- [  restartedMain] org.springframework.orm.jpa.persistenceunit.SpringPersistenceUnitInfo : No LoadTimeWeaver setup: ignoring JPA class transformer
2024-11-06 11:32:57.286  INFO 10724 --- [  restartedMain] com.zaxxer.hikari.HikariDataSource : HikariPool-1 - Starting...
2024-11-06 11:32:57.805  INFO 10724 --- [  restartedMain] com.zaxxer.hikari.pool.HikariPool : HikariPool-1 - Added connection com.mysql.cj.jdbc.ConnectionImpl@5adb9992
2024-11-06 11:32:57.807  INFO 10724 --- [  restartedMain] com.zaxxer.hikari.HikariDataSource : HikariPool-1 - Start completed.
2024-11-06 11:32:59.582  INFO 10724 --- [  restartedMain] org.hibernate.engine.transaction.jta.platform.internal.JtaPlatformInitiator : HHH000489: No JTA platform available (set 'hibernate.transaction.jta.platform' to enable JTA platform integration)
2024-11-06 11:32:59.727  INFO 10724 --- [  restartedMain] org.springframework.orm.jpa.LocalContainerEntityManagerFactoryBean : Initialized JPA EntityManagerFactory for persistence unit 'default'
2024-11-06 11:33:00.988  INFO 10724 --- [  restartedMain] org.springframework.boot.actuate.endpoint.web.EndpointLinksResolver : Exposing 3 endpoints beneath base path '/actuator'
2024-11-06 11:33:01.091  WARN 10724 --- [  restartedMain] org.springframework.boot.autoconfigure.orm.jpa.JpaBaseConfiguration$JpaWebConfiguration : spring.jpa.open-in-view is enabled by default. Therefore, database queries may be performed during view rendering. Explicitly configure spring.jpa.open-in-view to disable this warning
2024-11-06 11:33:04.313  INFO 10724 --- [  restartedMain] org.springframework.boot.devtools.autoconfigure.OptionalLiveReloadServer : LiveReload server is running on port 35729
2024-11-06 11:33:04.438  INFO 10724 --- [  restartedMain] org.springframework.boot.web.embedded.tomcat.TomcatWebServer : Tomcat started on port 8082 (http) with context path '/'
2024-11-06 11:33:40.821  INFO 10724 --- [nio-8082-exec-1] org.apache.catalina.core.ContainerBase.[Tomcat].[localhost].[/] : Initializing Spring DispatcherServlet 'dispatcherServlet'
2024-11-06 11:33:40.822  INFO 10724 --- [nio-8082-exec-1] org.springframework.web.servlet.DispatcherServlet : Initializing Servlet 'dispatcherServlet'
2024-11-06 11:33:40.824  INFO 10724 --- [nio-8082-exec-1] org.springframework.web.servlet.DispatcherServlet : Completed initialization in 2 ms
2024-11-06 11:36:06.669  INFO 10724 --- [ionShutdownHook] org.springframework.orm.jpa.LocalContainerEntityManagerFactoryBean : Closing JPA EntityManagerFactory for persistence unit 'default'
2024-11-06 11:36:06.677  INFO 10724 --- [ionShutdownHook] com.zaxxer.hikari.HikariDataSource : HikariPool-1 - Shutdown initiated...
2024-11-06 11:36:06.707  INFO 10724 --- [ionShutdownHook] com.zaxxer.hikari.HikariDataSource : HikariPool-1 - Shutdown completed.
2024-11-06 11:36:13.545  INFO 5568 --- [kground-preinit] org.hibernate.validator.internal.util.Version : HV000001: Hibernate Validator 8.0.1.Final
2024-11-06 11:36:13.715  INFO 5568 --- [  restartedMain] org.springframework.boot.devtools.env.DevToolsPropertyDefaultsPostProcessor : Devtools property defaults active! Set 'spring.devtools.add-properties' to 'false' to disable
2024-11-06 11:36:13.724  INFO 5568 --- [  restartedMain] org.springframework.boot.devtools.env.DevToolsPropertyDefaultsPostProcessor : For additional web related logging consider setting the 'logging.level.web' property to 'DEBUG'
2024-11-06 11:36:16.433  INFO 5568 --- [  restartedMain] org.springframework.data.repository.config.RepositoryConfigurationDelegate : Bootstrapping Spring Data JPA repositories in DEFAULT mode.
2024-11-06 11:36:16.527  INFO 5568 --- [  restartedMain] org.springframework.data.repository.config.RepositoryConfigurationDelegate : Finished Spring Data repository scanning in 80 ms. Found 4 JPA repository interfaces.
2024-11-06 11:36:18.059  INFO 5568 --- [  restartedMain] org.springframework.boot.web.embedded.tomcat.TomcatWebServer : Tomcat initialized with port 8082 (http)
2024-11-06 11:36:18.084  INFO 5568 --- [  restartedMain] org.apache.catalina.core.StandardService : Starting service [Tomcat]
2024-11-06 11:36:18.085  INFO 5568 --- [  restartedMain] org.apache.catalina.core.StandardEngine : Starting Servlet engine: [Apache Tomcat/10.1.30]
2024-11-06 11:36:18.335  INFO 5568 --- [  restartedMain] org.apache.catalina.core.ContainerBase.[Tomcat].[localhost].[/] : Initializing Spring embedded WebApplicationContext
2024-11-06 11:36:18.338  INFO 5568 --- [  restartedMain] org.springframework.boot.web.servlet.context.ServletWebServerApplicationContext : Root WebApplicationContext: initialization completed in 4610 ms
2024-11-06 11:36:18.953  INFO 5568 --- [  restartedMain] org.hibernate.jpa.internal.util.LogHelper : HHH000204: Processing PersistenceUnitInfo [name: default]
2024-11-06 11:36:19.053  INFO 5568 --- [  restartedMain] org.hibernate.Version : HHH000412: Hibernate ORM core version 6.5.3.Final
2024-11-06 11:36:19.109  INFO 5568 --- [  restartedMain] org.hibernate.cache.internal.RegionFactoryInitiator : HHH000026: Second-level cache disabled
2024-11-06 11:36:19.639  INFO 5568 --- [  restartedMain] org.springframework.orm.jpa.persistenceunit.SpringPersistenceUnitInfo : No LoadTimeWeaver setup: ignoring JPA class transformer
2024-11-06 11:36:19.690  INFO 5568 --- [  restartedMain] com.zaxxer.hikari.HikariDataSource : HikariPool-1 - Starting...
2024-11-06 11:36:20.206  INFO 5568 --- [  restartedMain] com.zaxxer.hikari.pool.HikariPool : HikariPool-1 - Added connection com.mysql.cj.jdbc.ConnectionImpl@4d1e771e
2024-11-06 11:36:20.208  INFO 5568 --- [  restartedMain] com.zaxxer.hikari.HikariDataSource : HikariPool-1 - Start completed.
2024-11-06 11:36:21.821  INFO 5568 --- [  restartedMain] org.hibernate.engine.transaction.jta.platform.internal.JtaPlatformInitiator : HHH000489: No JTA platform available (set 'hibernate.transaction.jta.platform' to enable JTA platform integration)
2024-11-06 11:36:21.940  INFO 5568 --- [  restartedMain] org.springframework.orm.jpa.LocalContainerEntityManagerFactoryBean : Initialized JPA EntityManagerFactory for persistence unit 'default'
2024-11-06 11:36:23.313  INFO 5568 --- [  restartedMain] org.springframework.boot.actuate.endpoint.web.EndpointLinksResolver : Exposing 3 endpoints beneath base path '/actuator'
2024-11-06 11:36:23.405  WARN 5568 --- [  restartedMain] org.springframework.boot.autoconfigure.orm.jpa.JpaBaseConfiguration$JpaWebConfiguration : spring.jpa.open-in-view is enabled by default. Therefore, database queries may be performed during view rendering. Explicitly configure spring.jpa.open-in-view to disable this warning
2024-11-06 11:36:26.588  INFO 5568 --- [  restartedMain] org.springframework.boot.devtools.autoconfigure.OptionalLiveReloadServer : LiveReload server is running on port 35729
2024-11-06 11:36:26.735  INFO 5568 --- [  restartedMain] org.springframework.boot.web.embedded.tomcat.TomcatWebServer : Tomcat started on port 8082 (http) with context path '/'
2024-11-06 11:36:26.917  INFO 5568 --- [nio-8082-exec-1] org.apache.catalina.core.ContainerBase.[Tomcat].[localhost].[/] : Initializing Spring DispatcherServlet 'dispatcherServlet'
2024-11-06 11:36:26.917  INFO 5568 --- [nio-8082-exec-1] org.springframework.web.servlet.DispatcherServlet : Initializing Servlet 'dispatcherServlet'
2024-11-06 11:36:26.921  INFO 5568 --- [nio-8082-exec-1] org.springframework.web.servlet.DispatcherServlet : Completed initialization in 2 ms
2024-11-06 11:37:33.936  INFO 5568 --- [ionShutdownHook] org.springframework.orm.jpa.LocalContainerEntityManagerFactoryBean : Closing JPA EntityManagerFactory for persistence unit 'default'
2024-11-06 11:37:33.942  INFO 5568 --- [ionShutdownHook] com.zaxxer.hikari.HikariDataSource : HikariPool-1 - Shutdown initiated...
2024-11-06 11:37:33.965  INFO 5568 --- [ionShutdownHook] com.zaxxer.hikari.HikariDataSource : HikariPool-1 - Shutdown completed.
