2024-11-04 11:13:11.968  INFO 11900 --- [kground-preinit] org.hibernate.validator.internal.util.Version : HV000001: Hibernate Validator 8.0.1.Final
2024-11-04 11:13:12.086  INFO 11900 --- [  restartedMain] org.springframework.boot.devtools.env.DevToolsPropertyDefaultsPostProcessor : Devtools property defaults active! Set 'spring.devtools.add-properties' to 'false' to disable
2024-11-04 11:13:12.088  INFO 11900 --- [  restartedMain] org.springframework.boot.devtools.env.DevToolsPropertyDefaultsPostProcessor : For additional web related logging consider setting the 'logging.level.web' property to 'DEBUG'
2024-11-04 11:13:13.029  INFO 11900 --- [  restartedMain] org.springframework.data.repository.config.RepositoryConfigurationDelegate : Bootstrapping Spring Data JPA repositories in DEFAULT mode.
2024-11-04 11:13:13.107  INFO 11900 --- [  restartedMain] org.springframework.data.repository.config.RepositoryConfigurationDelegate : Finished Spring Data repository scanning in 67 ms. Found 4 JPA repository interfaces.
2024-11-04 11:13:14.241  INFO 11900 --- [  restartedMain] org.springframework.boot.web.embedded.tomcat.TomcatWebServer : Tomcat initialized with port 8082 (http)
2024-11-04 11:13:14.261  INFO 11900 --- [  restartedMain] org.apache.catalina.core.StandardService : Starting service [Tomcat]
2024-11-04 11:13:14.262  INFO 11900 --- [  restartedMain] org.apache.catalina.core.StandardEngine : Starting Servlet engine: [Apache Tomcat/10.1.30]
2024-11-04 11:13:14.327  INFO 11900 --- [  restartedMain] org.apache.catalina.core.ContainerBase.[Tomcat].[localhost].[/] : Initializing Spring embedded WebApplicationContext
2024-11-04 11:13:14.328  INFO 11900 --- [  restartedMain] org.springframework.boot.web.servlet.context.ServletWebServerApplicationContext : Root WebApplicationContext: initialization completed in 2236 ms
2024-11-04 11:13:14.536  INFO 11900 --- [  restartedMain] org.hibernate.jpa.internal.util.LogHelper : HHH000204: Processing PersistenceUnitInfo [name: default]
2024-11-04 11:13:14.627  INFO 11900 --- [  restartedMain] org.hibernate.Version : HHH000412: Hibernate ORM core version 6.5.3.Final
2024-11-04 11:13:14.675  INFO 11900 --- [  restartedMain] org.hibernate.cache.internal.RegionFactoryInitiator : HHH000026: Second-level cache disabled
2024-11-04 11:13:15.193  INFO 11900 --- [  restartedMain] org.springframework.orm.jpa.persistenceunit.SpringPersistenceUnitInfo : No LoadTimeWeaver setup: ignoring JPA class transformer
2024-11-04 11:13:15.234  INFO 11900 --- [  restartedMain] com.zaxxer.hikari.HikariDataSource : HikariPool-1 - Starting...
2024-11-04 11:13:15.422  INFO 11900 --- [  restartedMain] com.zaxxer.hikari.pool.HikariPool : HikariPool-1 - Added connection com.mysql.cj.jdbc.ConnectionImpl@1f297fd
2024-11-04 11:13:15.425  INFO 11900 --- [  restartedMain] com.zaxxer.hikari.HikariDataSource : HikariPool-1 - Start completed.
2024-11-04 11:13:15.503  WARN 11900 --- [  restartedMain] org.hibernate.dialect.Dialect : HHH000511: The 5.5.5 version for [org.hibernate.dialect.MySQLDialect] is no longer supported, hence certain features may not work properly. The minimum supported version is 8.0.0. Check the community dialects project for available legacy versions.
2024-11-04 11:13:16.639  INFO 11900 --- [  restartedMain] org.hibernate.engine.transaction.jta.platform.internal.JtaPlatformInitiator : HHH000489: No JTA platform available (set 'hibernate.transaction.jta.platform' to enable JTA platform integration)
2024-11-04 11:13:17.153  INFO 11900 --- [  restartedMain] org.springframework.orm.jpa.LocalContainerEntityManagerFactoryBean : Initialized JPA EntityManagerFactory for persistence unit 'default'
2024-11-04 11:13:17.729  WARN 11900 --- [  restartedMain] org.springframework.boot.autoconfigure.orm.jpa.JpaBaseConfiguration$JpaWebConfiguration : spring.jpa.open-in-view is enabled by default. Therefore, database queries may be performed during view rendering. Explicitly configure spring.jpa.open-in-view to disable this warning
2024-11-04 11:13:18.133  INFO 11900 --- [  restartedMain] org.springframework.boot.devtools.autoconfigure.OptionalLiveReloadServer : LiveReload server is running on port 35729
2024-11-04 11:13:18.187  INFO 11900 --- [  restartedMain] org.springframework.boot.web.embedded.tomcat.TomcatWebServer : Tomcat started on port 8082 (http) with context path '/'
2024-11-04 11:13:46.129  INFO 11900 --- [   File Watcher] org.springframework.boot.devtools.autoconfigure.LocalDevToolsAutoConfiguration$RestartingClassPathChangeChangedEventListener : Restarting due to 26 class path changes (0 additions, 25 deletions, 1 modification)
2024-11-04 11:13:46.190  INFO 11900 --- [       Thread-5] org.springframework.orm.jpa.LocalContainerEntityManagerFactoryBean : Closing JPA EntityManagerFactory for persistence unit 'default'
2024-11-04 11:13:46.265  INFO 11900 --- [       Thread-5] com.zaxxer.hikari.HikariDataSource : HikariPool-1 - Shutdown initiated...
2024-11-04 11:13:46.728  INFO 11900 --- [       Thread-5] com.zaxxer.hikari.HikariDataSource : HikariPool-1 - Shutdown completed.
2024-11-04 11:13:47.440  INFO 11900 --- [  restartedMain] org.springframework.data.repository.config.RepositoryConfigurationDelegate : Bootstrapping Spring Data JPA repositories in DEFAULT mode.
2024-11-04 11:13:47.441  INFO 11900 --- [  restartedMain] org.springframework.data.repository.config.RepositoryConfigurationDelegate : Finished Spring Data repository scanning in 0 ms. Found 0 JPA repository interfaces.
2024-11-04 11:13:47.890  INFO 11900 --- [  restartedMain] org.springframework.boot.web.embedded.tomcat.TomcatWebServer : Tomcat initialized with port 8082 (http)
2024-11-04 11:13:47.893  INFO 11900 --- [  restartedMain] org.apache.catalina.core.StandardService : Starting service [Tomcat]
2024-11-04 11:13:47.893  INFO 11900 --- [  restartedMain] org.apache.catalina.core.StandardEngine : Starting Servlet engine: [Apache Tomcat/10.1.30]
2024-11-04 11:13:48.001  INFO 11900 --- [  restartedMain] org.apache.catalina.core.ContainerBase.[Tomcat].[localhost].[/] : Initializing Spring embedded WebApplicationContext
2024-11-04 11:13:48.002  INFO 11900 --- [  restartedMain] org.springframework.boot.web.servlet.context.ServletWebServerApplicationContext : Root WebApplicationContext: initialization completed in 680 ms
2024-11-04 11:13:48.036  INFO 11900 --- [  restartedMain] org.hibernate.jpa.internal.util.LogHelper : HHH000204: Processing PersistenceUnitInfo [name: default]
2024-11-04 11:13:48.039  INFO 11900 --- [  restartedMain] org.hibernate.cache.internal.RegionFactoryInitiator : HHH000026: Second-level cache disabled
2024-11-04 11:13:48.292  INFO 11900 --- [  restartedMain] org.springframework.orm.jpa.persistenceunit.SpringPersistenceUnitInfo : No LoadTimeWeaver setup: ignoring JPA class transformer
2024-11-04 11:13:48.333  INFO 11900 --- [  restartedMain] com.zaxxer.hikari.HikariDataSource : HikariPool-2 - Starting...
2024-11-04 11:13:48.339  INFO 11900 --- [  restartedMain] com.zaxxer.hikari.pool.HikariPool : HikariPool-2 - Added connection com.mysql.cj.jdbc.ConnectionImpl@1e555550
2024-11-04 11:13:48.339  INFO 11900 --- [  restartedMain] com.zaxxer.hikari.HikariDataSource : HikariPool-2 - Start completed.
2024-11-04 11:13:48.340  WARN 11900 --- [  restartedMain] org.hibernate.dialect.Dialect : HHH000511: The 5.5.5 version for [org.hibernate.dialect.MySQLDialect] is no longer supported, hence certain features may not work properly. The minimum supported version is 8.0.0. Check the community dialects project for available legacy versions.
2024-11-04 11:13:48.356  INFO 11900 --- [  restartedMain] org.hibernate.engine.transaction.jta.platform.internal.JtaPlatformInitiator : HHH000489: No JTA platform available (set 'hibernate.transaction.jta.platform' to enable JTA platform integration)
2024-11-04 11:13:48.357  INFO 11900 --- [  restartedMain] org.springframework.orm.jpa.LocalContainerEntityManagerFactoryBean : Initialized JPA EntityManagerFactory for persistence unit 'default'
2024-11-04 11:13:48.390  WARN 11900 --- [  restartedMain] org.springframework.boot.autoconfigure.orm.jpa.JpaBaseConfiguration$JpaWebConfiguration : spring.jpa.open-in-view is enabled by default. Therefore, database queries may be performed during view rendering. Explicitly configure spring.jpa.open-in-view to disable this warning
2024-11-04 11:13:48.528  INFO 11900 --- [  restartedMain] org.springframework.boot.devtools.autoconfigure.OptionalLiveReloadServer : LiveReload server is running on port 35729
2024-11-04 11:13:48.598  INFO 11900 --- [  restartedMain] org.springframework.boot.web.embedded.tomcat.TomcatWebServer : Tomcat started on port 8082 (http) with context path '/'
2024-11-04 11:13:48.604  INFO 11900 --- [  restartedMain] org.springframework.boot.devtools.autoconfigure.ConditionEvaluationDeltaLoggingListener : Condition evaluation unchanged
2024-11-04 11:13:52.430  INFO 11900 --- [   File Watcher] org.springframework.boot.devtools.autoconfigure.LocalDevToolsAutoConfiguration$RestartingClassPathChangeChangedEventListener : Restarting due to 25 class path changes (25 additions, 0 deletions, 0 modifications)
2024-11-04 11:13:52.438  INFO 11900 --- [       Thread-7] org.springframework.orm.jpa.LocalContainerEntityManagerFactoryBean : Closing JPA EntityManagerFactory for persistence unit 'default'
2024-11-04 11:13:52.438  INFO 11900 --- [       Thread-7] com.zaxxer.hikari.HikariDataSource : HikariPool-2 - Shutdown initiated...
2024-11-04 11:13:52.441  INFO 11900 --- [       Thread-7] com.zaxxer.hikari.HikariDataSource : HikariPool-2 - Shutdown completed.
2024-11-04 11:13:52.819  INFO 11900 --- [  restartedMain] org.springframework.data.repository.config.RepositoryConfigurationDelegate : Bootstrapping Spring Data JPA repositories in DEFAULT mode.
2024-11-04 11:13:52.839  INFO 11900 --- [  restartedMain] org.springframework.data.repository.config.RepositoryConfigurationDelegate : Finished Spring Data repository scanning in 20 ms. Found 4 JPA repository interfaces.
2024-11-04 11:13:52.945  INFO 11900 --- [  restartedMain] org.springframework.boot.web.embedded.tomcat.TomcatWebServer : Tomcat initialized with port 8082 (http)
2024-11-04 11:13:52.947  INFO 11900 --- [  restartedMain] org.apache.catalina.core.StandardService : Starting service [Tomcat]
2024-11-04 11:13:52.947  INFO 11900 --- [  restartedMain] org.apache.catalina.core.StandardEngine : Starting Servlet engine: [Apache Tomcat/10.1.30]
2024-11-04 11:13:52.966  INFO 11900 --- [  restartedMain] org.apache.catalina.core.ContainerBase.[Tomcat].[localhost].[/] : Initializing Spring embedded WebApplicationContext
2024-11-04 11:13:52.966  INFO 11900 --- [  restartedMain] org.springframework.boot.web.servlet.context.ServletWebServerApplicationContext : Root WebApplicationContext: initialization completed in 386 ms
2024-11-04 11:13:53.002  INFO 11900 --- [  restartedMain] org.hibernate.jpa.internal.util.LogHelper : HHH000204: Processing PersistenceUnitInfo [name: default]
2024-11-04 11:13:53.004  INFO 11900 --- [  restartedMain] org.hibernate.cache.internal.RegionFactoryInitiator : HHH000026: Second-level cache disabled
2024-11-04 11:13:53.013  INFO 11900 --- [  restartedMain] org.springframework.orm.jpa.persistenceunit.SpringPersistenceUnitInfo : No LoadTimeWeaver setup: ignoring JPA class transformer
2024-11-04 11:13:53.014  INFO 11900 --- [  restartedMain] com.zaxxer.hikari.HikariDataSource : HikariPool-3 - Starting...
2024-11-04 11:13:53.017  INFO 11900 --- [  restartedMain] com.zaxxer.hikari.pool.HikariPool : HikariPool-3 - Added connection com.mysql.cj.jdbc.ConnectionImpl@6a3f38f3
2024-11-04 11:13:53.017  INFO 11900 --- [  restartedMain] com.zaxxer.hikari.HikariDataSource : HikariPool-3 - Start completed.
2024-11-04 11:13:53.019  WARN 11900 --- [  restartedMain] org.hibernate.dialect.Dialect : HHH000511: The 5.5.5 version for [org.hibernate.dialect.MySQLDialect] is no longer supported, hence certain features may not work properly. The minimum supported version is 8.0.0. Check the community dialects project for available legacy versions.
2024-11-04 11:13:53.153  INFO 11900 --- [  restartedMain] org.hibernate.engine.transaction.jta.platform.internal.JtaPlatformInitiator : HHH000489: No JTA platform available (set 'hibernate.transaction.jta.platform' to enable JTA platform integration)
2024-11-04 11:13:53.198  INFO 11900 --- [  restartedMain] org.springframework.orm.jpa.LocalContainerEntityManagerFactoryBean : Initialized JPA EntityManagerFactory for persistence unit 'default'
2024-11-04 11:13:53.302  WARN 11900 --- [  restartedMain] org.springframework.boot.autoconfigure.orm.jpa.JpaBaseConfiguration$JpaWebConfiguration : spring.jpa.open-in-view is enabled by default. Therefore, database queries may be performed during view rendering. Explicitly configure spring.jpa.open-in-view to disable this warning
2024-11-04 11:13:53.394  INFO 11900 --- [  restartedMain] org.springframework.boot.devtools.autoconfigure.OptionalLiveReloadServer : LiveReload server is running on port 35729
2024-11-04 11:13:53.405  INFO 11900 --- [  restartedMain] org.springframework.boot.web.embedded.tomcat.TomcatWebServer : Tomcat started on port 8082 (http) with context path '/'
2024-11-04 11:13:53.416  INFO 11900 --- [  restartedMain] org.springframework.boot.devtools.autoconfigure.ConditionEvaluationDeltaLoggingListener : Condition evaluation unchanged
2024-11-04 11:22:08.210  INFO 11900 --- [   File Watcher] org.springframework.boot.devtools.autoconfigure.LocalDevToolsAutoConfiguration$RestartingClassPathChangeChangedEventListener : Restarting due to 1 class path change (0 additions, 1 deletion, 0 modifications)
2024-11-04 11:22:08.390  INFO 11900 --- [      Thread-11] org.springframework.orm.jpa.LocalContainerEntityManagerFactoryBean : Closing JPA EntityManagerFactory for persistence unit 'default'
2024-11-04 11:22:08.426  INFO 11900 --- [      Thread-11] com.zaxxer.hikari.HikariDataSource : HikariPool-3 - Shutdown initiated...
2024-11-04 11:22:08.441  INFO 11900 --- [      Thread-11] com.zaxxer.hikari.HikariDataSource : HikariPool-3 - Shutdown completed.
2024-11-04 11:22:09.197  INFO 11900 --- [  restartedMain] org.springframework.data.repository.config.RepositoryConfigurationDelegate : Bootstrapping Spring Data JPA repositories in DEFAULT mode.
2024-11-04 11:22:09.236  INFO 11900 --- [  restartedMain] org.springframework.data.repository.config.RepositoryConfigurationDelegate : Finished Spring Data repository scanning in 38 ms. Found 4 JPA repository interfaces.
2024-11-04 11:22:09.421  INFO 11900 --- [  restartedMain] org.springframework.boot.web.embedded.tomcat.TomcatWebServer : Tomcat initialized with port 8082 (http)
2024-11-04 11:22:09.440  INFO 11900 --- [  restartedMain] org.apache.catalina.core.StandardService : Starting service [Tomcat]
2024-11-04 11:22:09.442  INFO 11900 --- [  restartedMain] org.apache.catalina.core.StandardEngine : Starting Servlet engine: [Apache Tomcat/10.1.30]
2024-11-04 11:22:09.463  INFO 11900 --- [  restartedMain] org.apache.catalina.core.ContainerBase.[Tomcat].[localhost].[/] : Initializing Spring embedded WebApplicationContext
2024-11-04 11:22:09.463  INFO 11900 --- [  restartedMain] org.springframework.boot.web.servlet.context.ServletWebServerApplicationContext : Root WebApplicationContext: initialization completed in 561 ms
2024-11-04 11:22:09.524  INFO 11900 --- [  restartedMain] org.hibernate.jpa.internal.util.LogHelper : HHH000204: Processing PersistenceUnitInfo [name: default]
2024-11-04 11:22:09.528  INFO 11900 --- [  restartedMain] org.hibernate.cache.internal.RegionFactoryInitiator : HHH000026: Second-level cache disabled
2024-11-04 11:22:09.539  INFO 11900 --- [  restartedMain] org.springframework.orm.jpa.persistenceunit.SpringPersistenceUnitInfo : No LoadTimeWeaver setup: ignoring JPA class transformer
2024-11-04 11:22:09.542  INFO 11900 --- [  restartedMain] com.zaxxer.hikari.HikariDataSource : HikariPool-4 - Starting...
2024-11-04 11:22:09.549  INFO 11900 --- [  restartedMain] com.zaxxer.hikari.pool.HikariPool : HikariPool-4 - Added connection com.mysql.cj.jdbc.ConnectionImpl@4dda344a
2024-11-04 11:22:09.550  INFO 11900 --- [  restartedMain] com.zaxxer.hikari.HikariDataSource : HikariPool-4 - Start completed.
2024-11-04 11:22:09.551  WARN 11900 --- [  restartedMain] org.hibernate.dialect.Dialect : HHH000511: The 5.5.5 version for [org.hibernate.dialect.MySQLDialect] is no longer supported, hence certain features may not work properly. The minimum supported version is 8.0.0. Check the community dialects project for available legacy versions.
2024-11-04 11:22:09.662  INFO 11900 --- [  restartedMain] org.hibernate.engine.transaction.jta.platform.internal.JtaPlatformInitiator : HHH000489: No JTA platform available (set 'hibernate.transaction.jta.platform' to enable JTA platform integration)
2024-11-04 11:22:09.694  INFO 11900 --- [  restartedMain] org.springframework.orm.jpa.LocalContainerEntityManagerFactoryBean : Initialized JPA EntityManagerFactory for persistence unit 'default'
2024-11-04 11:22:09.840  WARN 11900 --- [  restartedMain] org.springframework.boot.autoconfigure.orm.jpa.JpaBaseConfiguration$JpaWebConfiguration : spring.jpa.open-in-view is enabled by default. Therefore, database queries may be performed during view rendering. Explicitly configure spring.jpa.open-in-view to disable this warning
2024-11-04 11:22:09.962  INFO 11900 --- [  restartedMain] org.springframework.boot.devtools.autoconfigure.OptionalLiveReloadServer : LiveReload server is running on port 35729
2024-11-04 11:22:09.975  INFO 11900 --- [  restartedMain] org.springframework.boot.web.embedded.tomcat.TomcatWebServer : Tomcat started on port 8082 (http) with context path '/'
2024-11-04 11:22:09.980  INFO 11900 --- [  restartedMain] org.springframework.boot.devtools.autoconfigure.ConditionEvaluationDeltaLoggingListener : Condition evaluation unchanged
2024-11-04 11:22:11.393  INFO 11900 --- [   File Watcher] org.springframework.boot.devtools.autoconfigure.LocalDevToolsAutoConfiguration$RestartingClassPathChangeChangedEventListener : Restarting due to 1 class path change (1 addition, 0 deletions, 0 modifications)
2024-11-04 11:22:11.400  INFO 11900 --- [      Thread-15] org.springframework.orm.jpa.LocalContainerEntityManagerFactoryBean : Closing JPA EntityManagerFactory for persistence unit 'default'
2024-11-04 11:22:11.401  INFO 11900 --- [      Thread-15] com.zaxxer.hikari.HikariDataSource : HikariPool-4 - Shutdown initiated...
2024-11-04 11:22:11.404  INFO 11900 --- [      Thread-15] com.zaxxer.hikari.HikariDataSource : HikariPool-4 - Shutdown completed.
2024-11-04 11:22:11.632  INFO 11900 --- [  restartedMain] org.springframework.data.repository.config.RepositoryConfigurationDelegate : Bootstrapping Spring Data JPA repositories in DEFAULT mode.
2024-11-04 11:22:11.647  INFO 11900 --- [  restartedMain] org.springframework.data.repository.config.RepositoryConfigurationDelegate : Finished Spring Data repository scanning in 13 ms. Found 4 JPA repository interfaces.
2024-11-04 11:22:11.732  INFO 11900 --- [  restartedMain] org.springframework.boot.web.embedded.tomcat.TomcatWebServer : Tomcat initialized with port 8082 (http)
2024-11-04 11:22:11.733  INFO 11900 --- [  restartedMain] org.apache.catalina.core.StandardService : Starting service [Tomcat]
2024-11-04 11:22:11.733  INFO 11900 --- [  restartedMain] org.apache.catalina.core.StandardEngine : Starting Servlet engine: [Apache Tomcat/10.1.30]
2024-11-04 11:22:11.749  INFO 11900 --- [  restartedMain] org.apache.catalina.core.ContainerBase.[Tomcat].[localhost].[/] : Initializing Spring embedded WebApplicationContext
2024-11-04 11:22:11.749  INFO 11900 --- [  restartedMain] org.springframework.boot.web.servlet.context.ServletWebServerApplicationContext : Root WebApplicationContext: initialization completed in 255 ms
2024-11-04 11:22:11.788  INFO 11900 --- [  restartedMain] org.hibernate.jpa.internal.util.LogHelper : HHH000204: Processing PersistenceUnitInfo [name: default]
2024-11-04 11:22:11.790  INFO 11900 --- [  restartedMain] org.hibernate.cache.internal.RegionFactoryInitiator : HHH000026: Second-level cache disabled
2024-11-04 11:22:11.797  INFO 11900 --- [  restartedMain] org.springframework.orm.jpa.persistenceunit.SpringPersistenceUnitInfo : No LoadTimeWeaver setup: ignoring JPA class transformer
2024-11-04 11:22:11.798  INFO 11900 --- [  restartedMain] com.zaxxer.hikari.HikariDataSource : HikariPool-5 - Starting...
2024-11-04 11:22:11.803  INFO 11900 --- [  restartedMain] com.zaxxer.hikari.pool.HikariPool : HikariPool-5 - Added connection com.mysql.cj.jdbc.ConnectionImpl@5c4152c3
2024-11-04 11:22:11.803  INFO 11900 --- [  restartedMain] com.zaxxer.hikari.HikariDataSource : HikariPool-5 - Start completed.
2024-11-04 11:22:11.804  WARN 11900 --- [  restartedMain] org.hibernate.dialect.Dialect : HHH000511: The 5.5.5 version for [org.hibernate.dialect.MySQLDialect] is no longer supported, hence certain features may not work properly. The minimum supported version is 8.0.0. Check the community dialects project for available legacy versions.
2024-11-04 11:22:11.882  INFO 11900 --- [  restartedMain] org.hibernate.engine.transaction.jta.platform.internal.JtaPlatformInitiator : HHH000489: No JTA platform available (set 'hibernate.transaction.jta.platform' to enable JTA platform integration)
2024-11-04 11:22:11.903  INFO 11900 --- [  restartedMain] org.springframework.orm.jpa.LocalContainerEntityManagerFactoryBean : Initialized JPA EntityManagerFactory for persistence unit 'default'
2024-11-04 11:22:11.992  WARN 11900 --- [  restartedMain] org.springframework.boot.autoconfigure.orm.jpa.JpaBaseConfiguration$JpaWebConfiguration : spring.jpa.open-in-view is enabled by default. Therefore, database queries may be performed during view rendering. Explicitly configure spring.jpa.open-in-view to disable this warning
2024-11-04 11:22:12.069  INFO 11900 --- [  restartedMain] org.springframework.boot.devtools.autoconfigure.OptionalLiveReloadServer : LiveReload server is running on port 35729
2024-11-04 11:22:12.082  INFO 11900 --- [  restartedMain] org.springframework.boot.web.embedded.tomcat.TomcatWebServer : Tomcat started on port 8082 (http) with context path '/'
2024-11-04 11:22:12.091  INFO 11900 --- [  restartedMain] org.springframework.boot.devtools.autoconfigure.ConditionEvaluationDeltaLoggingListener : Condition evaluation unchanged
2024-11-04 11:22:56.484  INFO 11900 --- [   File Watcher] org.springframework.boot.devtools.autoconfigure.LocalDevToolsAutoConfiguration$RestartingClassPathChangeChangedEventListener : Restarting due to 1 class path change (0 additions, 1 deletion, 0 modifications)
2024-11-04 11:22:56.491  INFO 11900 --- [      Thread-19] org.springframework.orm.jpa.LocalContainerEntityManagerFactoryBean : Closing JPA EntityManagerFactory for persistence unit 'default'
2024-11-04 11:22:56.492  INFO 11900 --- [      Thread-19] com.zaxxer.hikari.HikariDataSource : HikariPool-5 - Shutdown initiated...
2024-11-04 11:22:56.494  INFO 11900 --- [      Thread-19] com.zaxxer.hikari.HikariDataSource : HikariPool-5 - Shutdown completed.
2024-11-04 11:22:56.854  INFO 11900 --- [  restartedMain] org.springframework.data.repository.config.RepositoryConfigurationDelegate : Bootstrapping Spring Data JPA repositories in DEFAULT mode.
2024-11-04 11:22:56.867  INFO 11900 --- [  restartedMain] org.springframework.data.repository.config.RepositoryConfigurationDelegate : Finished Spring Data repository scanning in 13 ms. Found 4 JPA repository interfaces.
2024-11-04 11:22:56.950  INFO 11900 --- [  restartedMain] org.springframework.boot.web.embedded.tomcat.TomcatWebServer : Tomcat initialized with port 8082 (http)
2024-11-04 11:22:56.952  INFO 11900 --- [  restartedMain] org.apache.catalina.core.StandardService : Starting service [Tomcat]
2024-11-04 11:22:56.953  INFO 11900 --- [  restartedMain] org.apache.catalina.core.StandardEngine : Starting Servlet engine: [Apache Tomcat/10.1.30]
2024-11-04 11:22:56.973  INFO 11900 --- [  restartedMain] org.apache.catalina.core.ContainerBase.[Tomcat].[localhost].[/] : Initializing Spring embedded WebApplicationContext
2024-11-04 11:22:56.973  INFO 11900 --- [  restartedMain] org.springframework.boot.web.servlet.context.ServletWebServerApplicationContext : Root WebApplicationContext: initialization completed in 342 ms
2024-11-04 11:22:57.058  INFO 11900 --- [  restartedMain] org.hibernate.jpa.internal.util.LogHelper : HHH000204: Processing PersistenceUnitInfo [name: default]
2024-11-04 11:22:57.063  INFO 11900 --- [  restartedMain] org.hibernate.cache.internal.RegionFactoryInitiator : HHH000026: Second-level cache disabled
2024-11-04 11:22:57.080  INFO 11900 --- [  restartedMain] org.springframework.orm.jpa.persistenceunit.SpringPersistenceUnitInfo : No LoadTimeWeaver setup: ignoring JPA class transformer
2024-11-04 11:22:57.083  INFO 11900 --- [  restartedMain] com.zaxxer.hikari.HikariDataSource : HikariPool-6 - Starting...
2024-11-04 11:22:57.091  INFO 11900 --- [  restartedMain] com.zaxxer.hikari.pool.HikariPool : HikariPool-6 - Added connection com.mysql.cj.jdbc.ConnectionImpl@41e67ae1
2024-11-04 11:22:57.092  INFO 11900 --- [  restartedMain] com.zaxxer.hikari.HikariDataSource : HikariPool-6 - Start completed.
2024-11-04 11:22:57.093  WARN 11900 --- [  restartedMain] org.hibernate.dialect.Dialect : HHH000511: The 5.5.5 version for [org.hibernate.dialect.MySQLDialect] is no longer supported, hence certain features may not work properly. The minimum supported version is 8.0.0. Check the community dialects project for available legacy versions.
2024-11-04 11:22:57.204  INFO 11900 --- [  restartedMain] org.hibernate.engine.transaction.jta.platform.internal.JtaPlatformInitiator : HHH000489: No JTA platform available (set 'hibernate.transaction.jta.platform' to enable JTA platform integration)
2024-11-04 11:22:57.234  INFO 11900 --- [  restartedMain] org.springframework.orm.jpa.LocalContainerEntityManagerFactoryBean : Initialized JPA EntityManagerFactory for persistence unit 'default'
2024-11-04 11:22:57.372  WARN 11900 --- [  restartedMain] org.springframework.boot.autoconfigure.orm.jpa.JpaBaseConfiguration$JpaWebConfiguration : spring.jpa.open-in-view is enabled by default. Therefore, database queries may be performed during view rendering. Explicitly configure spring.jpa.open-in-view to disable this warning
2024-11-04 11:22:57.488  INFO 11900 --- [  restartedMain] org.springframework.boot.devtools.autoconfigure.OptionalLiveReloadServer : LiveReload server is running on port 35729
2024-11-04 11:22:57.499  INFO 11900 --- [  restartedMain] org.springframework.boot.web.embedded.tomcat.TomcatWebServer : Tomcat started on port 8082 (http) with context path '/'
2024-11-04 11:22:57.502  INFO 11900 --- [  restartedMain] org.springframework.boot.devtools.autoconfigure.ConditionEvaluationDeltaLoggingListener : Condition evaluation unchanged
2024-11-04 11:22:58.928  INFO 11900 --- [   File Watcher] org.springframework.boot.devtools.autoconfigure.LocalDevToolsAutoConfiguration$RestartingClassPathChangeChangedEventListener : Restarting due to 1 class path change (1 addition, 0 deletions, 0 modifications)
2024-11-04 11:22:58.933  INFO 11900 --- [      Thread-23] org.springframework.orm.jpa.LocalContainerEntityManagerFactoryBean : Closing JPA EntityManagerFactory for persistence unit 'default'
2024-11-04 11:22:58.934  INFO 11900 --- [      Thread-23] com.zaxxer.hikari.HikariDataSource : HikariPool-6 - Shutdown initiated...
2024-11-04 11:22:58.938  INFO 11900 --- [      Thread-23] com.zaxxer.hikari.HikariDataSource : HikariPool-6 - Shutdown completed.
2024-11-04 11:22:59.158  INFO 11900 --- [  restartedMain] org.springframework.data.repository.config.RepositoryConfigurationDelegate : Bootstrapping Spring Data JPA repositories in DEFAULT mode.
2024-11-04 11:22:59.169  INFO 11900 --- [  restartedMain] org.springframework.data.repository.config.RepositoryConfigurationDelegate : Finished Spring Data repository scanning in 10 ms. Found 4 JPA repository interfaces.
2024-11-04 11:22:59.245  INFO 11900 --- [  restartedMain] org.springframework.boot.web.embedded.tomcat.TomcatWebServer : Tomcat initialized with port 8082 (http)
2024-11-04 11:22:59.246  INFO 11900 --- [  restartedMain] org.apache.catalina.core.StandardService : Starting service [Tomcat]
2024-11-04 11:22:59.246  INFO 11900 --- [  restartedMain] org.apache.catalina.core.StandardEngine : Starting Servlet engine: [Apache Tomcat/10.1.30]
2024-11-04 11:22:59.267  INFO 11900 --- [  restartedMain] org.apache.catalina.core.ContainerBase.[Tomcat].[localhost].[/] : Initializing Spring embedded WebApplicationContext
2024-11-04 11:22:59.267  INFO 11900 --- [  restartedMain] org.springframework.boot.web.servlet.context.ServletWebServerApplicationContext : Root WebApplicationContext: initialization completed in 243 ms
2024-11-04 11:22:59.297  INFO 11900 --- [  restartedMain] org.hibernate.jpa.internal.util.LogHelper : HHH000204: Processing PersistenceUnitInfo [name: default]
2024-11-04 11:22:59.298  INFO 11900 --- [  restartedMain] org.hibernate.cache.internal.RegionFactoryInitiator : HHH000026: Second-level cache disabled
2024-11-04 11:22:59.305  INFO 11900 --- [  restartedMain] org.springframework.orm.jpa.persistenceunit.SpringPersistenceUnitInfo : No LoadTimeWeaver setup: ignoring JPA class transformer
2024-11-04 11:22:59.306  INFO 11900 --- [  restartedMain] com.zaxxer.hikari.HikariDataSource : HikariPool-7 - Starting...
2024-11-04 11:22:59.309  INFO 11900 --- [  restartedMain] com.zaxxer.hikari.pool.HikariPool : HikariPool-7 - Added connection com.mysql.cj.jdbc.ConnectionImpl@4eac6179
2024-11-04 11:22:59.309  INFO 11900 --- [  restartedMain] com.zaxxer.hikari.HikariDataSource : HikariPool-7 - Start completed.
2024-11-04 11:22:59.310  WARN 11900 --- [  restartedMain] org.hibernate.dialect.Dialect : HHH000511: The 5.5.5 version for [org.hibernate.dialect.MySQLDialect] is no longer supported, hence certain features may not work properly. The minimum supported version is 8.0.0. Check the community dialects project for available legacy versions.
2024-11-04 11:22:59.364  INFO 11900 --- [  restartedMain] org.hibernate.engine.transaction.jta.platform.internal.JtaPlatformInitiator : HHH000489: No JTA platform available (set 'hibernate.transaction.jta.platform' to enable JTA platform integration)
2024-11-04 11:22:59.384  INFO 11900 --- [  restartedMain] org.springframework.orm.jpa.LocalContainerEntityManagerFactoryBean : Initialized JPA EntityManagerFactory for persistence unit 'default'
2024-11-04 11:22:59.538  WARN 11900 --- [  restartedMain] org.springframework.boot.autoconfigure.orm.jpa.JpaBaseConfiguration$JpaWebConfiguration : spring.jpa.open-in-view is enabled by default. Therefore, database queries may be performed during view rendering. Explicitly configure spring.jpa.open-in-view to disable this warning
2024-11-04 11:22:59.630  INFO 11900 --- [  restartedMain] org.springframework.boot.devtools.autoconfigure.OptionalLiveReloadServer : LiveReload server is running on port 35729
2024-11-04 11:22:59.642  INFO 11900 --- [  restartedMain] org.springframework.boot.web.embedded.tomcat.TomcatWebServer : Tomcat started on port 8082 (http) with context path '/'
2024-11-04 11:22:59.651  INFO 11900 --- [  restartedMain] org.springframework.boot.devtools.autoconfigure.ConditionEvaluationDeltaLoggingListener : Condition evaluation unchanged
2024-11-04 11:22:59.871  INFO 11900 --- [ionShutdownHook] org.springframework.orm.jpa.LocalContainerEntityManagerFactoryBean : Closing JPA EntityManagerFactory for persistence unit 'default'
2024-11-04 11:22:59.871  INFO 11900 --- [ionShutdownHook] com.zaxxer.hikari.HikariDataSource : HikariPool-7 - Shutdown initiated...
2024-11-04 11:22:59.873  INFO 11900 --- [ionShutdownHook] com.zaxxer.hikari.HikariDataSource : HikariPool-7 - Shutdown completed.
2024-11-04 11:23:44.075  INFO 20784 --- [kground-preinit] org.hibernate.validator.internal.util.Version : HV000001: Hibernate Validator 8.0.1.Final
2024-11-04 11:23:44.190  INFO 20784 --- [  restartedMain] org.springframework.boot.devtools.env.DevToolsPropertyDefaultsPostProcessor : Devtools property defaults active! Set 'spring.devtools.add-properties' to 'false' to disable
2024-11-04 11:23:44.192  INFO 20784 --- [  restartedMain] org.springframework.boot.devtools.env.DevToolsPropertyDefaultsPostProcessor : For additional web related logging consider setting the 'logging.level.web' property to 'DEBUG'
2024-11-04 11:23:45.162  INFO 20784 --- [  restartedMain] org.springframework.data.repository.config.RepositoryConfigurationDelegate : Bootstrapping Spring Data JPA repositories in DEFAULT mode.
2024-11-04 11:23:45.241  INFO 20784 --- [  restartedMain] org.springframework.data.repository.config.RepositoryConfigurationDelegate : Finished Spring Data repository scanning in 67 ms. Found 4 JPA repository interfaces.
2024-11-04 11:23:45.883  INFO 20784 --- [  restartedMain] org.springframework.boot.web.embedded.tomcat.TomcatWebServer : Tomcat initialized with port 8082 (http)
2024-11-04 11:23:45.907  INFO 20784 --- [  restartedMain] org.apache.catalina.core.StandardService : Starting service [Tomcat]
2024-11-04 11:23:45.907  INFO 20784 --- [  restartedMain] org.apache.catalina.core.StandardEngine : Starting Servlet engine: [Apache Tomcat/10.1.30]
2024-11-04 11:23:45.962  INFO 20784 --- [  restartedMain] org.apache.catalina.core.ContainerBase.[Tomcat].[localhost].[/] : Initializing Spring embedded WebApplicationContext
2024-11-04 11:23:45.963  INFO 20784 --- [  restartedMain] org.springframework.boot.web.servlet.context.ServletWebServerApplicationContext : Root WebApplicationContext: initialization completed in 1769 ms
2024-11-04 11:23:46.160  INFO 20784 --- [  restartedMain] org.hibernate.jpa.internal.util.LogHelper : HHH000204: Processing PersistenceUnitInfo [name: default]
2024-11-04 11:23:46.268  INFO 20784 --- [  restartedMain] org.hibernate.Version : HHH000412: Hibernate ORM core version 6.5.3.Final
2024-11-04 11:23:46.323  INFO 20784 --- [  restartedMain] org.hibernate.cache.internal.RegionFactoryInitiator : HHH000026: Second-level cache disabled
2024-11-04 11:23:46.727  INFO 20784 --- [  restartedMain] org.springframework.orm.jpa.persistenceunit.SpringPersistenceUnitInfo : No LoadTimeWeaver setup: ignoring JPA class transformer
2024-11-04 11:23:46.771  INFO 20784 --- [  restartedMain] com.zaxxer.hikari.HikariDataSource : HikariPool-1 - Starting...
2024-11-04 11:23:46.949  INFO 20784 --- [  restartedMain] com.zaxxer.hikari.pool.HikariPool : HikariPool-1 - Added connection com.mysql.cj.jdbc.ConnectionImpl@67bb89e
2024-11-04 11:23:46.950  INFO 20784 --- [  restartedMain] com.zaxxer.hikari.HikariDataSource : HikariPool-1 - Start completed.
2024-11-04 11:23:47.029  WARN 20784 --- [  restartedMain] org.hibernate.dialect.Dialect : HHH000511: The 5.5.5 version for [org.hibernate.dialect.MySQLDialect] is no longer supported, hence certain features may not work properly. The minimum supported version is 8.0.0. Check the community dialects project for available legacy versions.
2024-11-04 11:23:48.102  INFO 20784 --- [  restartedMain] org.hibernate.engine.transaction.jta.platform.internal.JtaPlatformInitiator : HHH000489: No JTA platform available (set 'hibernate.transaction.jta.platform' to enable JTA platform integration)
2024-11-04 11:23:48.563  INFO 20784 --- [  restartedMain] org.springframework.orm.jpa.LocalContainerEntityManagerFactoryBean : Initialized JPA EntityManagerFactory for persistence unit 'default'
2024-11-04 11:23:49.113  WARN 20784 --- [  restartedMain] org.springframework.boot.autoconfigure.orm.jpa.JpaBaseConfiguration$JpaWebConfiguration : spring.jpa.open-in-view is enabled by default. Therefore, database queries may be performed during view rendering. Explicitly configure spring.jpa.open-in-view to disable this warning
2024-11-04 11:23:49.474  INFO 20784 --- [  restartedMain] org.springframework.boot.devtools.autoconfigure.OptionalLiveReloadServer : LiveReload server is running on port 35729
2024-11-04 11:23:49.541  INFO 20784 --- [  restartedMain] org.springframework.boot.web.embedded.tomcat.TomcatWebServer : Tomcat started on port 8082 (http) with context path '/'
2024-11-04 11:29:47.876  INFO 20784 --- [nio-8082-exec-2] org.apache.catalina.core.ContainerBase.[Tomcat].[localhost].[/] : Initializing Spring DispatcherServlet 'dispatcherServlet'
2024-11-04 11:29:47.876  INFO 20784 --- [nio-8082-exec-2] org.springframework.web.servlet.DispatcherServlet : Initializing Servlet 'dispatcherServlet'
2024-11-04 11:29:47.883  INFO 20784 --- [nio-8082-exec-2] org.springframework.web.servlet.DispatcherServlet : Completed initialization in 6 ms
2024-11-04 11:30:09.137  INFO 20784 --- [   File Watcher] org.springframework.boot.devtools.autoconfigure.LocalDevToolsAutoConfiguration$RestartingClassPathChangeChangedEventListener : Restarting due to 1 class path change (0 additions, 1 deletion, 0 modifications)
2024-11-04 11:30:09.179  INFO 20784 --- [       Thread-5] org.springframework.orm.jpa.LocalContainerEntityManagerFactoryBean : Closing JPA EntityManagerFactory for persistence unit 'default'
2024-11-04 11:30:09.202  INFO 20784 --- [       Thread-5] com.zaxxer.hikari.HikariDataSource : HikariPool-1 - Shutdown initiated...
2024-11-04 11:30:09.232  INFO 20784 --- [       Thread-5] com.zaxxer.hikari.HikariDataSource : HikariPool-1 - Shutdown completed.
2024-11-04 11:30:10.124  INFO 20784 --- [  restartedMain] org.springframework.data.repository.config.RepositoryConfigurationDelegate : Bootstrapping Spring Data JPA repositories in DEFAULT mode.
2024-11-04 11:30:10.157  INFO 20784 --- [  restartedMain] org.springframework.data.repository.config.RepositoryConfigurationDelegate : Finished Spring Data repository scanning in 31 ms. Found 4 JPA repository interfaces.
2024-11-04 11:30:10.645  INFO 20784 --- [  restartedMain] org.springframework.boot.web.embedded.tomcat.TomcatWebServer : Tomcat initialized with port 8082 (http)
2024-11-04 11:30:10.659  INFO 20784 --- [  restartedMain] org.apache.catalina.core.StandardService : Starting service [Tomcat]
2024-11-04 11:30:10.659  INFO 20784 --- [  restartedMain] org.apache.catalina.core.StandardEngine : Starting Servlet engine: [Apache Tomcat/10.1.30]
2024-11-04 11:30:10.706  INFO 20784 --- [  restartedMain] org.apache.catalina.core.ContainerBase.[Tomcat].[localhost].[/] : Initializing Spring embedded WebApplicationContext
2024-11-04 11:30:10.706  INFO 20784 --- [  restartedMain] org.springframework.boot.web.servlet.context.ServletWebServerApplicationContext : Root WebApplicationContext: initialization completed in 1143 ms
2024-11-04 11:30:10.783  INFO 20784 --- [  restartedMain] org.hibernate.jpa.internal.util.LogHelper : HHH000204: Processing PersistenceUnitInfo [name: default]
2024-11-04 11:30:10.788  INFO 20784 --- [  restartedMain] org.hibernate.cache.internal.RegionFactoryInitiator : HHH000026: Second-level cache disabled
2024-11-04 11:30:10.805  INFO 20784 --- [  restartedMain] org.springframework.orm.jpa.persistenceunit.SpringPersistenceUnitInfo : No LoadTimeWeaver setup: ignoring JPA class transformer
2024-11-04 11:30:10.807  INFO 20784 --- [  restartedMain] com.zaxxer.hikari.HikariDataSource : HikariPool-2 - Starting...
2024-11-04 11:30:10.816  INFO 20784 --- [  restartedMain] com.zaxxer.hikari.pool.HikariPool : HikariPool-2 - Added connection com.mysql.cj.jdbc.ConnectionImpl@77b23eb
2024-11-04 11:30:10.817  INFO 20784 --- [  restartedMain] com.zaxxer.hikari.HikariDataSource : HikariPool-2 - Start completed.
2024-11-04 11:30:10.819  WARN 20784 --- [  restartedMain] org.hibernate.dialect.Dialect : HHH000511: The 5.5.5 version for [org.hibernate.dialect.MySQLDialect] is no longer supported, hence certain features may not work properly. The minimum supported version is 8.0.0. Check the community dialects project for available legacy versions.
2024-11-04 11:30:14.599  INFO 20784 --- [  restartedMain] org.hibernate.engine.transaction.jta.platform.internal.JtaPlatformInitiator : HHH000489: No JTA platform available (set 'hibernate.transaction.jta.platform' to enable JTA platform integration)
2024-11-04 11:30:14.668  INFO 20784 --- [  restartedMain] org.springframework.orm.jpa.LocalContainerEntityManagerFactoryBean : Initialized JPA EntityManagerFactory for persistence unit 'default'
2024-11-04 11:30:14.820  WARN 20784 --- [  restartedMain] org.springframework.boot.autoconfigure.orm.jpa.JpaBaseConfiguration$JpaWebConfiguration : spring.jpa.open-in-view is enabled by default. Therefore, database queries may be performed during view rendering. Explicitly configure spring.jpa.open-in-view to disable this warning
2024-11-04 11:30:14.965  INFO 20784 --- [  restartedMain] org.springframework.boot.devtools.autoconfigure.OptionalLiveReloadServer : LiveReload server is running on port 35729
2024-11-04 11:30:14.985  INFO 20784 --- [  restartedMain] org.springframework.boot.web.embedded.tomcat.TomcatWebServer : Tomcat started on port 8082 (http) with context path '/'
2024-11-04 11:30:14.999  INFO 20784 --- [  restartedMain] org.springframework.boot.devtools.autoconfigure.ConditionEvaluationDeltaLoggingListener : Condition evaluation unchanged
2024-11-04 11:30:16.415  INFO 20784 --- [   File Watcher] org.springframework.boot.devtools.autoconfigure.LocalDevToolsAutoConfiguration$RestartingClassPathChangeChangedEventListener : Restarting due to 1 class path change (1 addition, 0 deletions, 0 modifications)
2024-11-04 11:30:16.422  INFO 20784 --- [       Thread-7] org.springframework.orm.jpa.LocalContainerEntityManagerFactoryBean : Closing JPA EntityManagerFactory for persistence unit 'default'
2024-11-04 11:30:16.422  INFO 20784 --- [       Thread-7] com.zaxxer.hikari.HikariDataSource : HikariPool-2 - Shutdown initiated...
2024-11-04 11:30:16.425  INFO 20784 --- [       Thread-7] com.zaxxer.hikari.HikariDataSource : HikariPool-2 - Shutdown completed.
2024-11-04 11:30:16.671  INFO 20784 --- [  restartedMain] org.springframework.data.repository.config.RepositoryConfigurationDelegate : Bootstrapping Spring Data JPA repositories in DEFAULT mode.
2024-11-04 11:30:16.683  INFO 20784 --- [  restartedMain] org.springframework.data.repository.config.RepositoryConfigurationDelegate : Finished Spring Data repository scanning in 11 ms. Found 4 JPA repository interfaces.
2024-11-04 11:30:16.758  INFO 20784 --- [  restartedMain] org.springframework.boot.web.embedded.tomcat.TomcatWebServer : Tomcat initialized with port 8082 (http)
2024-11-04 11:30:16.759  INFO 20784 --- [  restartedMain] org.apache.catalina.core.StandardService : Starting service [Tomcat]
2024-11-04 11:30:16.760  INFO 20784 --- [  restartedMain] org.apache.catalina.core.StandardEngine : Starting Servlet engine: [Apache Tomcat/10.1.30]
2024-11-04 11:30:16.778  INFO 20784 --- [  restartedMain] org.apache.catalina.core.ContainerBase.[Tomcat].[localhost].[/] : Initializing Spring embedded WebApplicationContext
2024-11-04 11:30:16.778  INFO 20784 --- [  restartedMain] org.springframework.boot.web.servlet.context.ServletWebServerApplicationContext : Root WebApplicationContext: initialization completed in 257 ms
2024-11-04 11:30:16.810  INFO 20784 --- [  restartedMain] org.hibernate.jpa.internal.util.LogHelper : HHH000204: Processing PersistenceUnitInfo [name: default]
2024-11-04 11:30:16.812  INFO 20784 --- [  restartedMain] org.hibernate.cache.internal.RegionFactoryInitiator : HHH000026: Second-level cache disabled
2024-11-04 11:30:16.818  INFO 20784 --- [  restartedMain] org.springframework.orm.jpa.persistenceunit.SpringPersistenceUnitInfo : No LoadTimeWeaver setup: ignoring JPA class transformer
2024-11-04 11:30:16.818  INFO 20784 --- [  restartedMain] com.zaxxer.hikari.HikariDataSource : HikariPool-3 - Starting...
2024-11-04 11:30:16.823  INFO 20784 --- [  restartedMain] com.zaxxer.hikari.pool.HikariPool : HikariPool-3 - Added connection com.mysql.cj.jdbc.ConnectionImpl@62134f1c
2024-11-04 11:30:16.823  INFO 20784 --- [  restartedMain] com.zaxxer.hikari.HikariDataSource : HikariPool-3 - Start completed.
2024-11-04 11:30:16.823  WARN 20784 --- [  restartedMain] org.hibernate.dialect.Dialect : HHH000511: The 5.5.5 version for [org.hibernate.dialect.MySQLDialect] is no longer supported, hence certain features may not work properly. The minimum supported version is 8.0.0. Check the community dialects project for available legacy versions.
2024-11-04 11:30:16.892  INFO 20784 --- [  restartedMain] org.hibernate.engine.transaction.jta.platform.internal.JtaPlatformInitiator : HHH000489: No JTA platform available (set 'hibernate.transaction.jta.platform' to enable JTA platform integration)
2024-11-04 11:30:16.920  INFO 20784 --- [  restartedMain] org.springframework.orm.jpa.LocalContainerEntityManagerFactoryBean : Initialized JPA EntityManagerFactory for persistence unit 'default'
2024-11-04 11:30:17.019  WARN 20784 --- [  restartedMain] org.springframework.boot.autoconfigure.orm.jpa.JpaBaseConfiguration$JpaWebConfiguration : spring.jpa.open-in-view is enabled by default. Therefore, database queries may be performed during view rendering. Explicitly configure spring.jpa.open-in-view to disable this warning
2024-11-04 11:30:17.114  INFO 20784 --- [  restartedMain] org.springframework.boot.devtools.autoconfigure.OptionalLiveReloadServer : LiveReload server is running on port 35729
2024-11-04 11:30:17.132  INFO 20784 --- [  restartedMain] org.springframework.boot.web.embedded.tomcat.TomcatWebServer : Tomcat started on port 8082 (http) with context path '/'
2024-11-04 11:30:17.141  INFO 20784 --- [  restartedMain] org.springframework.boot.devtools.autoconfigure.ConditionEvaluationDeltaLoggingListener : Condition evaluation unchanged
2024-11-04 11:30:23.970  INFO 20784 --- [nio-8082-exec-1] org.apache.catalina.core.ContainerBase.[Tomcat].[localhost].[/] : Initializing Spring DispatcherServlet 'dispatcherServlet'
2024-11-04 11:30:23.971  INFO 20784 --- [nio-8082-exec-1] org.springframework.web.servlet.DispatcherServlet : Initializing Servlet 'dispatcherServlet'
2024-11-04 11:30:23.972  INFO 20784 --- [nio-8082-exec-1] org.springframework.web.servlet.DispatcherServlet : Completed initialization in 1 ms
2024-11-04 11:33:06.710  INFO 20784 --- [ionShutdownHook] org.springframework.orm.jpa.LocalContainerEntityManagerFactoryBean : Closing JPA EntityManagerFactory for persistence unit 'default'
2024-11-04 11:33:06.711  INFO 20784 --- [ionShutdownHook] com.zaxxer.hikari.HikariDataSource : HikariPool-3 - Shutdown initiated...
2024-11-04 11:33:06.714  INFO 20784 --- [ionShutdownHook] com.zaxxer.hikari.HikariDataSource : HikariPool-3 - Shutdown completed.
2024-11-04 11:34:18.228  INFO 23356 --- [kground-preinit] org.hibernate.validator.internal.util.Version : HV000001: Hibernate Validator 8.0.1.Final
2024-11-04 11:34:18.341  INFO 23356 --- [  restartedMain] org.springframework.boot.devtools.env.DevToolsPropertyDefaultsPostProcessor : Devtools property defaults active! Set 'spring.devtools.add-properties' to 'false' to disable
2024-11-04 11:34:18.342  INFO 23356 --- [  restartedMain] org.springframework.boot.devtools.env.DevToolsPropertyDefaultsPostProcessor : For additional web related logging consider setting the 'logging.level.web' property to 'DEBUG'
2024-11-04 11:34:19.131  INFO 23356 --- [  restartedMain] org.springframework.data.repository.config.RepositoryConfigurationDelegate : Bootstrapping Spring Data JPA repositories in DEFAULT mode.
2024-11-04 11:34:19.228  INFO 23356 --- [  restartedMain] org.springframework.data.repository.config.RepositoryConfigurationDelegate : Finished Spring Data repository scanning in 88 ms. Found 4 JPA repository interfaces.
2024-11-04 11:34:22.924  INFO 23356 --- [  restartedMain] org.springframework.boot.web.embedded.tomcat.TomcatWebServer : Tomcat initialized with port 8082 (http)
2024-11-04 11:34:22.947  INFO 23356 --- [  restartedMain] org.apache.catalina.core.StandardService : Starting service [Tomcat]
2024-11-04 11:34:22.948  INFO 23356 --- [  restartedMain] org.apache.catalina.core.StandardEngine : Starting Servlet engine: [Apache Tomcat/10.1.30]
2024-11-04 11:34:23.010  INFO 23356 --- [  restartedMain] org.apache.catalina.core.ContainerBase.[Tomcat].[localhost].[/] : Initializing Spring embedded WebApplicationContext
2024-11-04 11:34:23.011  INFO 23356 --- [  restartedMain] org.springframework.boot.web.servlet.context.ServletWebServerApplicationContext : Root WebApplicationContext: initialization completed in 4668 ms
2024-11-04 11:34:23.194  INFO 23356 --- [  restartedMain] org.hibernate.jpa.internal.util.LogHelper : HHH000204: Processing PersistenceUnitInfo [name: default]
2024-11-04 11:34:23.281  INFO 23356 --- [  restartedMain] org.hibernate.Version : HHH000412: Hibernate ORM core version 6.5.3.Final
2024-11-04 11:34:23.331  INFO 23356 --- [  restartedMain] org.hibernate.cache.internal.RegionFactoryInitiator : HHH000026: Second-level cache disabled
2024-11-04 11:34:23.734  INFO 23356 --- [  restartedMain] org.springframework.orm.jpa.persistenceunit.SpringPersistenceUnitInfo : No LoadTimeWeaver setup: ignoring JPA class transformer
2024-11-04 11:34:23.775  INFO 23356 --- [  restartedMain] com.zaxxer.hikari.HikariDataSource : HikariPool-1 - Starting...
2024-11-04 11:34:23.933  INFO 23356 --- [  restartedMain] com.zaxxer.hikari.pool.HikariPool : HikariPool-1 - Added connection com.mysql.cj.jdbc.ConnectionImpl@48d4ee8c
2024-11-04 11:34:23.935  INFO 23356 --- [  restartedMain] com.zaxxer.hikari.HikariDataSource : HikariPool-1 - Start completed.
2024-11-04 11:34:24.009  WARN 23356 --- [  restartedMain] org.hibernate.dialect.Dialect : HHH000511: The 5.5.5 version for [org.hibernate.dialect.MySQLDialect] is no longer supported, hence certain features may not work properly. The minimum supported version is 8.0.0. Check the community dialects project for available legacy versions.
2024-11-04 11:34:25.031  INFO 23356 --- [  restartedMain] org.hibernate.engine.transaction.jta.platform.internal.JtaPlatformInitiator : HHH000489: No JTA platform available (set 'hibernate.transaction.jta.platform' to enable JTA platform integration)
2024-11-04 11:34:25.119  INFO 23356 --- [  restartedMain] org.springframework.orm.jpa.LocalContainerEntityManagerFactoryBean : Initialized JPA EntityManagerFactory for persistence unit 'default'
2024-11-04 11:34:25.593  WARN 23356 --- [  restartedMain] org.springframework.boot.autoconfigure.orm.jpa.JpaBaseConfiguration$JpaWebConfiguration : spring.jpa.open-in-view is enabled by default. Therefore, database queries may be performed during view rendering. Explicitly configure spring.jpa.open-in-view to disable this warning
2024-11-04 11:34:25.975  INFO 23356 --- [  restartedMain] org.springframework.boot.devtools.autoconfigure.OptionalLiveReloadServer : LiveReload server is running on port 35729
2024-11-04 11:34:26.011  INFO 23356 --- [  restartedMain] org.springframework.boot.web.embedded.tomcat.TomcatWebServer : Tomcat started on port 8082 (http) with context path '/'
2024-11-04 11:35:13.407  INFO 23356 --- [   File Watcher] org.springframework.boot.devtools.autoconfigure.LocalDevToolsAutoConfiguration$RestartingClassPathChangeChangedEventListener : Restarting due to 1 class path change (0 additions, 1 deletion, 0 modifications)
2024-11-04 11:35:13.424  INFO 23356 --- [       Thread-5] org.springframework.orm.jpa.LocalContainerEntityManagerFactoryBean : Closing JPA EntityManagerFactory for persistence unit 'default'
2024-11-04 11:35:13.428  INFO 23356 --- [       Thread-5] com.zaxxer.hikari.HikariDataSource : HikariPool-1 - Shutdown initiated...
2024-11-04 11:35:13.445  INFO 23356 --- [       Thread-5] com.zaxxer.hikari.HikariDataSource : HikariPool-1 - Shutdown completed.
2024-11-04 11:35:13.804  INFO 23356 --- [  restartedMain] org.springframework.data.repository.config.RepositoryConfigurationDelegate : Bootstrapping Spring Data JPA repositories in DEFAULT mode.
2024-11-04 11:35:13.820  INFO 23356 --- [  restartedMain] org.springframework.data.repository.config.RepositoryConfigurationDelegate : Finished Spring Data repository scanning in 15 ms. Found 4 JPA repository interfaces.
2024-11-04 11:35:14.005  INFO 23356 --- [  restartedMain] org.springframework.boot.web.embedded.tomcat.TomcatWebServer : Tomcat initialized with port 8082 (http)
2024-11-04 11:35:14.008  INFO 23356 --- [  restartedMain] org.apache.catalina.core.StandardService : Starting service [Tomcat]
2024-11-04 11:35:14.008  INFO 23356 --- [  restartedMain] org.apache.catalina.core.StandardEngine : Starting Servlet engine: [Apache Tomcat/10.1.30]
2024-11-04 11:35:14.034  INFO 23356 --- [  restartedMain] org.apache.catalina.core.ContainerBase.[Tomcat].[localhost].[/] : Initializing Spring embedded WebApplicationContext
2024-11-04 11:35:14.034  INFO 23356 --- [  restartedMain] org.springframework.boot.web.servlet.context.ServletWebServerApplicationContext : Root WebApplicationContext: initialization completed in 463 ms
2024-11-04 11:35:14.106  INFO 23356 --- [  restartedMain] org.hibernate.jpa.internal.util.LogHelper : HHH000204: Processing PersistenceUnitInfo [name: default]
2024-11-04 11:35:14.111  INFO 23356 --- [  restartedMain] org.hibernate.cache.internal.RegionFactoryInitiator : HHH000026: Second-level cache disabled
2024-11-04 11:35:14.142  INFO 23356 --- [  restartedMain] org.springframework.orm.jpa.persistenceunit.SpringPersistenceUnitInfo : No LoadTimeWeaver setup: ignoring JPA class transformer
2024-11-04 11:35:14.145  INFO 23356 --- [  restartedMain] com.zaxxer.hikari.HikariDataSource : HikariPool-2 - Starting...
2024-11-04 11:35:14.154  INFO 23356 --- [  restartedMain] com.zaxxer.hikari.pool.HikariPool : HikariPool-2 - Added connection com.mysql.cj.jdbc.ConnectionImpl@7d927f4c
2024-11-04 11:35:14.155  INFO 23356 --- [  restartedMain] com.zaxxer.hikari.HikariDataSource : HikariPool-2 - Start completed.
2024-11-04 11:35:14.157  WARN 23356 --- [  restartedMain] org.hibernate.dialect.Dialect : HHH000511: The 5.5.5 version for [org.hibernate.dialect.MySQLDialect] is no longer supported, hence certain features may not work properly. The minimum supported version is 8.0.0. Check the community dialects project for available legacy versions.
2024-11-04 11:35:14.340  INFO 23356 --- [  restartedMain] org.hibernate.engine.transaction.jta.platform.internal.JtaPlatformInitiator : HHH000489: No JTA platform available (set 'hibernate.transaction.jta.platform' to enable JTA platform integration)
2024-11-04 11:35:14.382  INFO 23356 --- [  restartedMain] org.springframework.orm.jpa.LocalContainerEntityManagerFactoryBean : Initialized JPA EntityManagerFactory for persistence unit 'default'
2024-11-04 11:35:14.558  WARN 23356 --- [  restartedMain] org.springframework.boot.autoconfigure.orm.jpa.JpaBaseConfiguration$JpaWebConfiguration : spring.jpa.open-in-view is enabled by default. Therefore, database queries may be performed during view rendering. Explicitly configure spring.jpa.open-in-view to disable this warning
2024-11-04 11:35:14.725  INFO 23356 --- [  restartedMain] org.springframework.boot.devtools.autoconfigure.OptionalLiveReloadServer : LiveReload server is running on port 35729
2024-11-04 11:35:14.746  INFO 23356 --- [  restartedMain] org.springframework.boot.web.embedded.tomcat.TomcatWebServer : Tomcat started on port 8082 (http) with context path '/'
2024-11-04 11:35:14.761  INFO 23356 --- [  restartedMain] org.springframework.boot.devtools.autoconfigure.ConditionEvaluationDeltaLoggingListener : Condition evaluation unchanged
2024-11-04 11:35:16.182  INFO 23356 --- [   File Watcher] org.springframework.boot.devtools.autoconfigure.LocalDevToolsAutoConfiguration$RestartingClassPathChangeChangedEventListener : Restarting due to 1 class path change (1 addition, 0 deletions, 0 modifications)
2024-11-04 11:35:16.189  INFO 23356 --- [       Thread-7] org.springframework.orm.jpa.LocalContainerEntityManagerFactoryBean : Closing JPA EntityManagerFactory for persistence unit 'default'
2024-11-04 11:35:16.190  INFO 23356 --- [       Thread-7] com.zaxxer.hikari.HikariDataSource : HikariPool-2 - Shutdown initiated...
2024-11-04 11:35:16.194  INFO 23356 --- [       Thread-7] com.zaxxer.hikari.HikariDataSource : HikariPool-2 - Shutdown completed.
2024-11-04 11:35:16.578  INFO 23356 --- [  restartedMain] org.springframework.data.repository.config.RepositoryConfigurationDelegate : Bootstrapping Spring Data JPA repositories in DEFAULT mode.
2024-11-04 11:35:16.604  INFO 23356 --- [  restartedMain] org.springframework.data.repository.config.RepositoryConfigurationDelegate : Finished Spring Data repository scanning in 25 ms. Found 4 JPA repository interfaces.
2024-11-04 11:35:16.793  INFO 23356 --- [  restartedMain] org.springframework.boot.web.embedded.tomcat.TomcatWebServer : Tomcat initialized with port 8082 (http)
2024-11-04 11:35:16.795  INFO 23356 --- [  restartedMain] org.apache.catalina.core.StandardService : Starting service [Tomcat]
2024-11-04 11:35:16.796  INFO 23356 --- [  restartedMain] org.apache.catalina.core.StandardEngine : Starting Servlet engine: [Apache Tomcat/10.1.30]
2024-11-04 11:35:16.823  INFO 23356 --- [  restartedMain] org.apache.catalina.core.ContainerBase.[Tomcat].[localhost].[/] : Initializing Spring embedded WebApplicationContext
2024-11-04 11:35:16.823  INFO 23356 --- [  restartedMain] org.springframework.boot.web.servlet.context.ServletWebServerApplicationContext : Root WebApplicationContext: initialization completed in 508 ms
2024-11-04 11:35:16.889  INFO 23356 --- [  restartedMain] org.hibernate.jpa.internal.util.LogHelper : HHH000204: Processing PersistenceUnitInfo [name: default]
2024-11-04 11:35:16.901  INFO 23356 --- [  restartedMain] org.hibernate.cache.internal.RegionFactoryInitiator : HHH000026: Second-level cache disabled
2024-11-04 11:35:16.911  INFO 23356 --- [  restartedMain] org.springframework.orm.jpa.persistenceunit.SpringPersistenceUnitInfo : No LoadTimeWeaver setup: ignoring JPA class transformer
2024-11-04 11:35:16.913  INFO 23356 --- [  restartedMain] com.zaxxer.hikari.HikariDataSource : HikariPool-3 - Starting...
2024-11-04 11:35:16.920  INFO 23356 --- [  restartedMain] com.zaxxer.hikari.pool.HikariPool : HikariPool-3 - Added connection com.mysql.cj.jdbc.ConnectionImpl@238f939d
2024-11-04 11:35:16.921  INFO 23356 --- [  restartedMain] com.zaxxer.hikari.HikariDataSource : HikariPool-3 - Start completed.
2024-11-04 11:35:16.923  WARN 23356 --- [  restartedMain] org.hibernate.dialect.Dialect : HHH000511: The 5.5.5 version for [org.hibernate.dialect.MySQLDialect] is no longer supported, hence certain features may not work properly. The minimum supported version is 8.0.0. Check the community dialects project for available legacy versions.
2024-11-04 11:35:17.030  INFO 23356 --- [  restartedMain] org.hibernate.engine.transaction.jta.platform.internal.JtaPlatformInitiator : HHH000489: No JTA platform available (set 'hibernate.transaction.jta.platform' to enable JTA platform integration)
2024-11-04 11:35:17.076  INFO 23356 --- [  restartedMain] org.springframework.orm.jpa.LocalContainerEntityManagerFactoryBean : Initialized JPA EntityManagerFactory for persistence unit 'default'
2024-11-04 11:35:17.261  WARN 23356 --- [  restartedMain] org.springframework.boot.autoconfigure.orm.jpa.JpaBaseConfiguration$JpaWebConfiguration : spring.jpa.open-in-view is enabled by default. Therefore, database queries may be performed during view rendering. Explicitly configure spring.jpa.open-in-view to disable this warning
2024-11-04 11:35:17.450  INFO 23356 --- [  restartedMain] org.springframework.boot.devtools.autoconfigure.OptionalLiveReloadServer : LiveReload server is running on port 35729
2024-11-04 11:35:17.467  INFO 23356 --- [  restartedMain] org.springframework.boot.web.embedded.tomcat.TomcatWebServer : Tomcat started on port 8082 (http) with context path '/'
2024-11-04 11:35:17.487  INFO 23356 --- [  restartedMain] org.springframework.boot.devtools.autoconfigure.ConditionEvaluationDeltaLoggingListener : Condition evaluation unchanged
2024-11-04 11:35:28.103  INFO 23356 --- [   File Watcher] org.springframework.boot.devtools.autoconfigure.LocalDevToolsAutoConfiguration$RestartingClassPathChangeChangedEventListener : Restarting due to 1 class path change (0 additions, 1 deletion, 0 modifications)
2024-11-04 11:35:28.437  INFO 23356 --- [      Thread-11] org.springframework.orm.jpa.LocalContainerEntityManagerFactoryBean : Closing JPA EntityManagerFactory for persistence unit 'default'
2024-11-04 11:35:28.438  INFO 23356 --- [      Thread-11] com.zaxxer.hikari.HikariDataSource : HikariPool-3 - Shutdown initiated...
2024-11-04 11:35:28.445  INFO 23356 --- [      Thread-11] com.zaxxer.hikari.HikariDataSource : HikariPool-3 - Shutdown completed.
2024-11-04 11:35:28.880  INFO 23356 --- [  restartedMain] org.springframework.data.repository.config.RepositoryConfigurationDelegate : Bootstrapping Spring Data JPA repositories in DEFAULT mode.
2024-11-04 11:35:28.897  INFO 23356 --- [  restartedMain] org.springframework.data.repository.config.RepositoryConfigurationDelegate : Finished Spring Data repository scanning in 15 ms. Found 4 JPA repository interfaces.
2024-11-04 11:35:28.985  INFO 23356 --- [  restartedMain] org.springframework.boot.web.embedded.tomcat.TomcatWebServer : Tomcat initialized with port 8082 (http)
2024-11-04 11:35:28.986  INFO 23356 --- [  restartedMain] org.apache.catalina.core.StandardService : Starting service [Tomcat]
2024-11-04 11:35:28.987  INFO 23356 --- [  restartedMain] org.apache.catalina.core.StandardEngine : Starting Servlet engine: [Apache Tomcat/10.1.30]
2024-11-04 11:35:29.005  INFO 23356 --- [  restartedMain] org.apache.catalina.core.ContainerBase.[Tomcat].[localhost].[/] : Initializing Spring embedded WebApplicationContext
2024-11-04 11:35:29.005  INFO 23356 --- [  restartedMain] org.springframework.boot.web.servlet.context.ServletWebServerApplicationContext : Root WebApplicationContext: initialization completed in 382 ms
2024-11-04 11:35:29.060  INFO 23356 --- [  restartedMain] org.hibernate.jpa.internal.util.LogHelper : HHH000204: Processing PersistenceUnitInfo [name: default]
2024-11-04 11:35:29.064  INFO 23356 --- [  restartedMain] org.hibernate.cache.internal.RegionFactoryInitiator : HHH000026: Second-level cache disabled
2024-11-04 11:35:29.078  INFO 23356 --- [  restartedMain] org.springframework.orm.jpa.persistenceunit.SpringPersistenceUnitInfo : No LoadTimeWeaver setup: ignoring JPA class transformer
2024-11-04 11:35:29.080  INFO 23356 --- [  restartedMain] com.zaxxer.hikari.HikariDataSource : HikariPool-4 - Starting...
2024-11-04 11:35:29.086  INFO 23356 --- [  restartedMain] com.zaxxer.hikari.pool.HikariPool : HikariPool-4 - Added connection com.mysql.cj.jdbc.ConnectionImpl@2de56f00
2024-11-04 11:35:29.087  INFO 23356 --- [  restartedMain] com.zaxxer.hikari.HikariDataSource : HikariPool-4 - Start completed.
2024-11-04 11:35:29.088  WARN 23356 --- [  restartedMain] org.hibernate.dialect.Dialect : HHH000511: The 5.5.5 version for [org.hibernate.dialect.MySQLDialect] is no longer supported, hence certain features may not work properly. The minimum supported version is 8.0.0. Check the community dialects project for available legacy versions.
2024-11-04 11:35:29.174  INFO 23356 --- [  restartedMain] org.hibernate.engine.transaction.jta.platform.internal.JtaPlatformInitiator : HHH000489: No JTA platform available (set 'hibernate.transaction.jta.platform' to enable JTA platform integration)
2024-11-04 11:35:29.198  INFO 23356 --- [  restartedMain] org.springframework.orm.jpa.LocalContainerEntityManagerFactoryBean : Initialized JPA EntityManagerFactory for persistence unit 'default'
2024-11-04 11:35:29.299  WARN 23356 --- [  restartedMain] org.springframework.boot.autoconfigure.orm.jpa.JpaBaseConfiguration$JpaWebConfiguration : spring.jpa.open-in-view is enabled by default. Therefore, database queries may be performed during view rendering. Explicitly configure spring.jpa.open-in-view to disable this warning
2024-11-04 11:35:29.418  INFO 23356 --- [  restartedMain] org.springframework.boot.devtools.autoconfigure.OptionalLiveReloadServer : LiveReload server is running on port 35729
2024-11-04 11:35:29.437  INFO 23356 --- [  restartedMain] org.springframework.boot.web.embedded.tomcat.TomcatWebServer : Tomcat started on port 8082 (http) with context path '/'
2024-11-04 11:35:29.449  INFO 23356 --- [  restartedMain] org.springframework.boot.devtools.autoconfigure.ConditionEvaluationDeltaLoggingListener : Condition evaluation unchanged
2024-11-04 11:35:32.894  INFO 23356 --- [   File Watcher] org.springframework.boot.devtools.autoconfigure.LocalDevToolsAutoConfiguration$RestartingClassPathChangeChangedEventListener : Restarting due to 1 class path change (1 addition, 0 deletions, 0 modifications)
2024-11-04 11:35:32.903  INFO 23356 --- [      Thread-15] org.springframework.orm.jpa.LocalContainerEntityManagerFactoryBean : Closing JPA EntityManagerFactory for persistence unit 'default'
2024-11-04 11:35:32.904  INFO 23356 --- [      Thread-15] com.zaxxer.hikari.HikariDataSource : HikariPool-4 - Shutdown initiated...
2024-11-04 11:35:32.906  INFO 23356 --- [      Thread-15] com.zaxxer.hikari.HikariDataSource : HikariPool-4 - Shutdown completed.
2024-11-04 11:35:33.515  INFO 23356 --- [  restartedMain] org.springframework.data.repository.config.RepositoryConfigurationDelegate : Bootstrapping Spring Data JPA repositories in DEFAULT mode.
2024-11-04 11:35:33.527  INFO 23356 --- [  restartedMain] org.springframework.data.repository.config.RepositoryConfigurationDelegate : Finished Spring Data repository scanning in 11 ms. Found 4 JPA repository interfaces.
2024-11-04 11:35:33.704  INFO 23356 --- [  restartedMain] org.springframework.boot.web.embedded.tomcat.TomcatWebServer : Tomcat initialized with port 8082 (http)
2024-11-04 11:35:33.705  INFO 23356 --- [  restartedMain] org.apache.catalina.core.StandardService : Starting service [Tomcat]
2024-11-04 11:35:33.706  INFO 23356 --- [  restartedMain] org.apache.catalina.core.StandardEngine : Starting Servlet engine: [Apache Tomcat/10.1.30]
2024-11-04 11:35:33.874  INFO 23356 --- [  restartedMain] org.apache.catalina.core.ContainerBase.[Tomcat].[localhost].[/] : Initializing Spring embedded WebApplicationContext
2024-11-04 11:35:33.874  INFO 23356 --- [  restartedMain] org.springframework.boot.web.servlet.context.ServletWebServerApplicationContext : Root WebApplicationContext: initialization completed in 592 ms
2024-11-04 11:35:33.904  INFO 23356 --- [  restartedMain] org.hibernate.jpa.internal.util.LogHelper : HHH000204: Processing PersistenceUnitInfo [name: default]
2024-11-04 11:35:33.906  INFO 23356 --- [  restartedMain] org.hibernate.cache.internal.RegionFactoryInitiator : HHH000026: Second-level cache disabled
2024-11-04 11:35:33.912  INFO 23356 --- [  restartedMain] org.springframework.orm.jpa.persistenceunit.SpringPersistenceUnitInfo : No LoadTimeWeaver setup: ignoring JPA class transformer
2024-11-04 11:35:33.913  INFO 23356 --- [  restartedMain] com.zaxxer.hikari.HikariDataSource : HikariPool-5 - Starting...
2024-11-04 11:35:33.918  INFO 23356 --- [  restartedMain] com.zaxxer.hikari.pool.HikariPool : HikariPool-5 - Added connection com.mysql.cj.jdbc.ConnectionImpl@ceaa67e
2024-11-04 11:35:33.918  INFO 23356 --- [  restartedMain] com.zaxxer.hikari.HikariDataSource : HikariPool-5 - Start completed.
2024-11-04 11:35:33.919  WARN 23356 --- [  restartedMain] org.hibernate.dialect.Dialect : HHH000511: The 5.5.5 version for [org.hibernate.dialect.MySQLDialect] is no longer supported, hence certain features may not work properly. The minimum supported version is 8.0.0. Check the community dialects project for available legacy versions.
2024-11-04 11:35:33.984  INFO 23356 --- [  restartedMain] org.hibernate.engine.transaction.jta.platform.internal.JtaPlatformInitiator : HHH000489: No JTA platform available (set 'hibernate.transaction.jta.platform' to enable JTA platform integration)
2024-11-04 11:35:34.598  INFO 23356 --- [  restartedMain] org.springframework.orm.jpa.LocalContainerEntityManagerFactoryBean : Initialized JPA EntityManagerFactory for persistence unit 'default'
2024-11-04 11:35:34.726  WARN 23356 --- [  restartedMain] org.springframework.boot.autoconfigure.orm.jpa.JpaBaseConfiguration$JpaWebConfiguration : spring.jpa.open-in-view is enabled by default. Therefore, database queries may be performed during view rendering. Explicitly configure spring.jpa.open-in-view to disable this warning
2024-11-04 11:35:34.832  INFO 23356 --- [  restartedMain] org.springframework.boot.devtools.autoconfigure.OptionalLiveReloadServer : LiveReload server is running on port 35729
2024-11-04 11:35:34.850  INFO 23356 --- [  restartedMain] org.springframework.boot.web.embedded.tomcat.TomcatWebServer : Tomcat started on port 8082 (http) with context path '/'
2024-11-04 11:35:34.861  INFO 23356 --- [  restartedMain] org.springframework.boot.devtools.autoconfigure.ConditionEvaluationDeltaLoggingListener : Condition evaluation unchanged
2024-11-04 11:35:40.284  INFO 23356 --- [nio-8082-exec-1] org.apache.catalina.core.ContainerBase.[Tomcat].[localhost].[/] : Initializing Spring DispatcherServlet 'dispatcherServlet'
2024-11-04 11:35:40.284  INFO 23356 --- [nio-8082-exec-1] org.springframework.web.servlet.DispatcherServlet : Initializing Servlet 'dispatcherServlet'
2024-11-04 11:35:40.286  INFO 23356 --- [nio-8082-exec-1] org.springframework.web.servlet.DispatcherServlet : Completed initialization in 0 ms
2024-11-04 11:36:43.475  WARN 23356 --- [nio-8082-exec-5] org.springframework.web.servlet.mvc.support.DefaultHandlerExceptionResolver : Resolved [org.springframework.web.HttpRequestMethodNotSupportedException: Request method 'GET' is not supported]
2024-11-04 11:54:07.779  INFO 23356 --- [ionShutdownHook] org.springframework.orm.jpa.LocalContainerEntityManagerFactoryBean : Closing JPA EntityManagerFactory for persistence unit 'default'
2024-11-04 11:54:07.872  INFO 23356 --- [ionShutdownHook] com.zaxxer.hikari.HikariDataSource : HikariPool-5 - Shutdown initiated...
2024-11-04 11:54:07.918  INFO 23356 --- [ionShutdownHook] com.zaxxer.hikari.HikariDataSource : HikariPool-5 - Shutdown completed.
2024-11-04 12:04:06.773  INFO 25236 --- [kground-preinit] org.hibernate.validator.internal.util.Version : HV000001: Hibernate Validator 8.0.1.Final
2024-11-04 12:04:06.912  INFO 25236 --- [  restartedMain] org.springframework.boot.devtools.env.DevToolsPropertyDefaultsPostProcessor : Devtools property defaults active! Set 'spring.devtools.add-properties' to 'false' to disable
2024-11-04 12:04:06.915  INFO 25236 --- [  restartedMain] org.springframework.boot.devtools.env.DevToolsPropertyDefaultsPostProcessor : For additional web related logging consider setting the 'logging.level.web' property to 'DEBUG'
2024-11-04 12:04:07.855  INFO 25236 --- [  restartedMain] org.springframework.data.repository.config.RepositoryConfigurationDelegate : Bootstrapping Spring Data JPA repositories in DEFAULT mode.
2024-11-04 12:04:07.940  INFO 25236 --- [  restartedMain] org.springframework.data.repository.config.RepositoryConfigurationDelegate : Finished Spring Data repository scanning in 75 ms. Found 4 JPA repository interfaces.
2024-11-04 12:04:08.819  INFO 25236 --- [  restartedMain] org.springframework.boot.web.embedded.tomcat.TomcatWebServer : Tomcat initialized with port 8082 (http)
2024-11-04 12:04:08.839  INFO 25236 --- [  restartedMain] org.apache.catalina.core.StandardService : Starting service [Tomcat]
2024-11-04 12:04:08.840  INFO 25236 --- [  restartedMain] org.apache.catalina.core.StandardEngine : Starting Servlet engine: [Apache Tomcat/10.1.30]
2024-11-04 12:04:08.907  INFO 25236 --- [  restartedMain] org.apache.catalina.core.ContainerBase.[Tomcat].[localhost].[/] : Initializing Spring embedded WebApplicationContext
2024-11-04 12:04:08.907  INFO 25236 --- [  restartedMain] org.springframework.boot.web.servlet.context.ServletWebServerApplicationContext : Root WebApplicationContext: initialization completed in 1992 ms
2024-11-04 12:04:09.146  INFO 25236 --- [  restartedMain] org.hibernate.jpa.internal.util.LogHelper : HHH000204: Processing PersistenceUnitInfo [name: default]
2024-11-04 12:04:09.261  INFO 25236 --- [  restartedMain] org.hibernate.Version : HHH000412: Hibernate ORM core version 6.5.3.Final
2024-11-04 12:04:09.312  INFO 25236 --- [  restartedMain] org.hibernate.cache.internal.RegionFactoryInitiator : HHH000026: Second-level cache disabled
2024-11-04 12:04:09.788  INFO 25236 --- [  restartedMain] org.springframework.orm.jpa.persistenceunit.SpringPersistenceUnitInfo : No LoadTimeWeaver setup: ignoring JPA class transformer
2024-11-04 12:04:09.838  INFO 25236 --- [  restartedMain] com.zaxxer.hikari.HikariDataSource : HikariPool-1 - Starting...
2024-11-04 12:04:10.023  INFO 25236 --- [  restartedMain] com.zaxxer.hikari.pool.HikariPool : HikariPool-1 - Added connection com.mysql.cj.jdbc.ConnectionImpl@bcc8af2
2024-11-04 12:04:10.025  INFO 25236 --- [  restartedMain] com.zaxxer.hikari.HikariDataSource : HikariPool-1 - Start completed.
2024-11-04 12:04:10.089  WARN 25236 --- [  restartedMain] org.hibernate.dialect.Dialect : HHH000511: The 5.5.5 version for [org.hibernate.dialect.MySQLDialect] is no longer supported, hence certain features may not work properly. The minimum supported version is 8.0.0. Check the community dialects project for available legacy versions.
2024-11-04 12:04:11.183  INFO 25236 --- [  restartedMain] org.hibernate.engine.transaction.jta.platform.internal.JtaPlatformInitiator : HHH000489: No JTA platform available (set 'hibernate.transaction.jta.platform' to enable JTA platform integration)
2024-11-04 12:04:11.262  INFO 25236 --- [  restartedMain] org.springframework.orm.jpa.LocalContainerEntityManagerFactoryBean : Initialized JPA EntityManagerFactory for persistence unit 'default'
2024-11-04 12:04:11.775  WARN 25236 --- [  restartedMain] org.springframework.boot.autoconfigure.orm.jpa.JpaBaseConfiguration$JpaWebConfiguration : spring.jpa.open-in-view is enabled by default. Therefore, database queries may be performed during view rendering. Explicitly configure spring.jpa.open-in-view to disable this warning
2024-11-04 12:04:14.608  INFO 25236 --- [  restartedMain] org.springframework.boot.devtools.autoconfigure.OptionalLiveReloadServer : LiveReload server is running on port 35729
2024-11-04 12:04:14.649  INFO 25236 --- [  restartedMain] org.springframework.boot.web.embedded.tomcat.TomcatWebServer : Tomcat started on port 8082 (http) with context path '/'
2024-11-04 12:04:44.618  INFO 25236 --- [nio-8082-exec-2] org.apache.catalina.core.ContainerBase.[Tomcat].[localhost].[/] : Initializing Spring DispatcherServlet 'dispatcherServlet'
2024-11-04 12:04:44.619  INFO 25236 --- [nio-8082-exec-2] org.springframework.web.servlet.DispatcherServlet : Initializing Servlet 'dispatcherServlet'
2024-11-04 12:04:44.621  INFO 25236 --- [nio-8082-exec-2] org.springframework.web.servlet.DispatcherServlet : Completed initialization in 2 ms
2024-11-04 12:22:57.591  INFO 25236 --- [ionShutdownHook] org.springframework.orm.jpa.LocalContainerEntityManagerFactoryBean : Closing JPA EntityManagerFactory for persistence unit 'default'
2024-11-04 12:22:57.604  INFO 25236 --- [ionShutdownHook] com.zaxxer.hikari.HikariDataSource : HikariPool-1 - Shutdown initiated...
2024-11-04 12:22:57.628  INFO 25236 --- [ionShutdownHook] com.zaxxer.hikari.HikariDataSource : HikariPool-1 - Shutdown completed.
